CLI options: Namespace(params=es-ancora.prop)
Expanding POS Dictionary ...
... finished expanding POS Dictionary. [2607ms]
Indexing events using cutoff of 5

	Computing event counts...  done. 464796 events
	Indexing...  done.
Sorting and merging events... done. Reduced 464796 events to 442842.
Done indexing.
Incorporating indexed data for training...  
done.
	Number of Event Tokens: 442842
	    Number of Outcomes: 320
	  Number of Predicates: 79744
...done.
Computing model parameters in 4 threads...
Performing 100 iterations.
  1:  ... loglikelihood=-2681092.5255647064	0.13560572810437266
  2:  ... loglikelihood=-1142286.4666193612	0.9161933407344297
  3:  ... loglikelihood=-603751.284262014	0.9433665522078504
  4:  ... loglikelihood=-398284.3477389122	0.9592186679747674
  5:  ... loglikelihood=-295332.37646607304	0.9672114217850412
  6:  ... loglikelihood=-234700.18499815642	0.9720285888863072
  7:  ... loglikelihood=-195133.9714334206	0.9753655367085775
  8:  ... loglikelihood=-167421.69192419693	0.9776955911840893
  9:  ... loglikelihood=-146988.282090345	0.9796534393583421
 10:  ... loglikelihood=-131325.15728086425	0.9810970834516648
 11:  ... loglikelihood=-118947.98662545196	0.982521364211396
 12:  ... loglikelihood=-108924.76092505068	0.9836638008932951
 13:  ... loglikelihood=-100642.22697455232	0.9846986634996859
 14:  ... loglikelihood=-93681.22568909716	0.9855312868441208
 15:  ... loglikelihood=-87746.03784192412	0.9862843053726796
 16:  ... loglikelihood=-82622.4066237841	0.9870007487155655
 17:  ... loglikelihood=-78151.50379384257	0.9876870713173092
 18:  ... loglikelihood=-74213.21632415737	0.9882098813242799
 19:  ... loglikelihood=-70715.14560790833	0.9886961161455778
 20:  ... loglikelihood=-67585.13155969519	0.9892060172634877
 21:  ... loglikelihood=-64766.036269174714	0.9896191017134399
 22:  ... loglikelihood=-62212.049854644116	0.9900020654222498
 23:  ... loglikelihood=-59886.0300056258	0.9903635143159579
 24:  ... loglikelihood=-57757.550259097574	0.9906948424685238
 25:  ... loglikelihood=-55801.44665912697	0.9910003528429676
 26:  ... loglikelihood=-53996.72238617457	0.991312317661942
 27:  ... loglikelihood=-52325.7135434753	0.9915898587767537
 28:  ... loglikelihood=-50773.447642138344	0.9917920980387095
 29:  ... loglikelihood=-49327.14540240595	0.9920244580418076
 30:  ... loglikelihood=-47975.8299527887	0.9922761813784973
 31:  ... loglikelihood=-46710.01723823479	0.9924741176774327
 32:  ... loglikelihood=-45521.46847227112	0.9926526906427766
 33:  ... loglikelihood=-44402.99050229403	0.9928549299047325
 34:  ... loglikelihood=-43348.273556183114	0.993029199907056
 35:  ... loglikelihood=-42351.75842563422	0.9931475313901152
 36:  ... loglikelihood=-41408.52702391928	0.9933024380588473
 37:  ... loglikelihood=-40514.211644860174	0.9934379813939879
 38:  ... loglikelihood=-39664.91928876532	0.9935971910257403
 39:  ... loglikelihood=-38857.16820688409	0.9937585521390029
 40:  ... loglikelihood=-38087.8344158272	0.9938790351035723
 41:  ... loglikelihood=-37354.1063949861	0.9940016695496519
 42:  ... loglikelihood=-36653.44653768694	0.9940920317730789
 43:  ... loglikelihood=-35983.558205879744	0.9941909999225467
 44:  ... loglikelihood=-35342.35745728888	0.9943028769610754
 45:  ... loglikelihood=-34727.948687105665	0.9943996936290329
 46:  ... loglikelihood=-34138.60356396458	0.9944792984449091
 47:  ... loglikelihood=-33572.742750015976	0.9945761151128667
 48:  ... loglikelihood=-33028.919983457265	0.9946643258547836
 49:  ... loglikelihood=-32505.808173458838	0.9947546880782107
 50:  ... loglikelihood=-32002.187215595266	0.9948385958571072
 51:  ... loglikelihood=-31516.933283401202	0.9949289580805343
 52:  ... loglikelihood=-31049.0093906419	0.9949848965997986
 53:  ... loglikelihood=-30597.457050992183	0.9950645014156748
 54:  ... loglikelihood=-30161.388888389884	0.995118288453429
 55:  ... loglikelihood=-29739.982073391155	0.9951806814172239
 56:  ... loglikelihood=-29332.472479247233	0.9952473773440391
 57:  ... loglikelihood=-28938.149466822695	0.9953140732708543
 58:  ... loglikelihood=-28556.35122039247	0.9953635573455881
 59:  ... loglikelihood=-28186.46056725053	0.9954065869757915
 60:  ... loglikelihood=-27827.90122326128	0.9954474651244847
 61:  ... loglikelihood=-27480.13441429589	0.9954969491992186
 62:  ... loglikelihood=-27142.655830122196	0.9955593421630134
 63:  ... loglikelihood=-26814.992872991897	0.9956088262377473
 64:  ... loglikelihood=-26496.702167995812	0.9956475529049303
 65:  ... loglikelihood=-26187.367306419597	0.9956733706830524
 66:  ... loglikelihood=-25886.596796904138	0.9957357636468472
 67:  ... loglikelihood=-25594.022202289914	0.9957809447585607
 68:  ... loglikelihood=-25309.29644268655	0.9958282773517845
 69:  ... loglikelihood=-25032.09224761428	0.995873458463498
 70:  ... loglikelihood=-24762.10074207092	0.9959078821676607
 71:  ... loglikelihood=-24499.030153107116	0.9959487603163538
 72:  ... loglikelihood=-24242.60462503007	0.9959939414280674
 73:  ... loglikelihood=-23992.56313266514	0.9960219106876995
 74:  ... loglikelihood=-23748.6584832812	0.9960498799473317
 75:  ... loglikelihood=-23510.656398800726	0.9960756977254538
 76:  ... loglikelihood=-23278.334670809683	0.9961230303186774
 77:  ... loglikelihood=-23051.482381680104	0.9961488480967995
 78:  ... loglikelihood=-22829.899185805407	0.9961746658749214
 79:  ... loglikelihood=-22613.394645575874	0.9962155440236147
 80:  ... loglikelihood=-22401.78761725528	0.9962564221723078
 81:  ... loglikelihood=-22194.905682415643	0.9962865429134502
 82:  ... loglikelihood=-21992.584621004644	0.9963188151361028
 83:  ... loglikelihood=-21794.667922514665	0.9963424814327145
 84:  ... loglikelihood=-21601.00633205262	0.9963704506923468
 85:  ... loglikelihood=-21411.457428424183	0.9963876625444281
 86:  ... loglikelihood=-21225.88523160608	0.9964156318040602
 87:  ... loglikelihood=-21044.15983723419	0.9964371466191619
 88:  ... loglikelihood=-20866.157075949104	0.9964651158787942
 89:  ... loglikelihood=-20691.758195632785	0.9964952366199364
 90:  ... loglikelihood=-20520.849564753113	0.9965296603240992
 91:  ... loglikelihood=-20353.322395185634	0.9965576295837314
 92:  ... loglikelihood=-20189.07248302915	0.9965834473618533
 93:  ... loglikelihood=-20027.99996605258	0.9966178710660161
 94:  ... loglikelihood=-19870.00909653966	0.9966436888441381
 95:  ... loglikelihood=-19715.00802839057	0.9966609006962194
 96:  ... loglikelihood=-19562.90861744005	0.9966781125483007
 97:  ... loglikelihood=-19413.62623404087	0.9966974758818923
 98:  ... loglikelihood=-19267.079587033997	0.9967146877339736
 99:  ... loglikelihood=-19123.190558301005	0.9967318995860549
100:  ... loglikelihood=-18981.884047159623	0.9967469599566261
Expanding POS Dictionary ...
... finished expanding POS Dictionary. [508ms]
Indexing events using cutoff of 5

	Computing event counts...  done. 465215 events
	Indexing...  done.
Sorting and merging events... done. Reduced 465215 events to 443300.
Done indexing.
Incorporating indexed data for training...  
done.
	Number of Event Tokens: 443300
	    Number of Outcomes: 320
	  Number of Predicates: 79819
...done.
Computing model parameters in 4 threads...
Performing 100 iterations.
  1:  ... loglikelihood=-2683509.452062351	0.01000612619971411
  2:  ... loglikelihood=-1143005.9777500906	0.9163720000429909
  3:  ... loglikelihood=-603943.3503817933	0.9434712982169534
  4:  ... loglikelihood=-398331.3799391446	0.9593886697548445
  5:  ... loglikelihood=-295334.8069652084	0.9675225433401761
  6:  ... loglikelihood=-234693.44100976764	0.9722751845920703
  7:  ... loglikelihood=-195130.40938263136	0.9755424911062627
  8:  ... loglikelihood=-167424.46665510477	0.9779499801167202
  9:  ... loglikelihood=-146996.47854652116	0.9798007372935095
 10:  ... loglikelihood=-131336.58914407415	0.9813999978504563
 11:  ... loglikelihood=-118960.83660313068	0.9827864535752286
 12:  ... loglikelihood=-108937.98013441455	0.9839343099427147
 13:  ... loglikelihood=-100655.22729078445	0.9848822587405823
 14:  ... loglikelihood=-93693.57532012816	0.9857012349128897
 15:  ... loglikelihood=-87757.3972690361	0.9864815192975291
 16:  ... loglikelihood=-82632.56164178226	0.9871586255817203
 17:  ... loglikelihood=-78160.36636678311	0.9877604978343346
 18:  ... loglikelihood=-74220.79982272237	0.9883215287555216
 19:  ... loglikelihood=-70721.5240194037	0.9889062046580613
 20:  ... loglikelihood=-67590.4038378706	0.989312468428576
 21:  ... loglikelihood=-64770.31395454561	0.9897230312866094
 22:  ... loglikelihood=-62215.45260017951	0.9901163977945681
 23:  ... loglikelihood=-59888.67780070678	0.9904796706898961
 24:  ... loglikelihood=-57759.55595202948	0.9907892049912406
 25:  ... loglikelihood=-55802.91205748857	0.9910815429425105
 26:  ... loglikelihood=-53997.737423701765	0.991371731350021
 27:  ... loglikelihood=-52326.35704308114	0.991588835269714
 28:  ... loglikelihood=-50773.788650516144	0.9918639768709091
 29:  ... loglikelihood=-49327.24459115372	0.9920982771406769
 30:  ... loglikelihood=-47975.74088913842	0.9922981847102953
 31:  ... loglikelihood=-46709.78747377216	0.9925002418236729
 32:  ... loglikelihood=-45521.14045497118	0.9926872521307353
 33:  ... loglikelihood=-44402.602333858566	0.9928871597003536
 34:  ... loglikelihood=-43347.85961826878	0.9930440763947852
 35:  ... loglikelihood=-42351.3498961338	0.9932203389830508
 36:  ... loglikelihood=-41408.15230154178	0.9933600593274078
 37:  ... loglikelihood=-40513.896697663695	0.99351482647808
 38:  ... loglikelihood=-39664.68794000843	0.9936352009286029
 39:  ... loglikelihood=-38857.042369569404	0.9937491267478478
 40:  ... loglikelihood=-38087.83428558152	0.9938759498296487
 41:  ... loglikelihood=-37354.2506094271	0.9939920251926528
 42:  ... loglikelihood=-36653.752309110554	0.9941038014681384
 43:  ... loglikelihood=-35984.04143294107	0.9942263254624206
 44:  ... loglikelihood=-35343.03282032395	0.9943080081252754
 45:  ... loglikelihood=-34728.82973080767	0.9943896907881302
 46:  ... loglikelihood=-34139.702770331125	0.9944821211697817
 47:  ... loglikelihood=-33574.07160380689	0.9945702524639145
 48:  ... loglikelihood=-33030.48903183743	0.9946540846705286
 49:  ... loglikelihood=-32507.627081041144	0.9947443655084208
 50:  ... loglikelihood=-32004.264815756716	0.9948324968025537
 51:  ... loglikelihood=-31519.277626477284	0.9949227776404458
 52:  ... loglikelihood=-31051.627789403643	0.9950023107595413
 53:  ... loglikelihood=-30600.356123691377	0.9950710961598401
 54:  ... loglikelihood=-30164.57459955161	0.9951226852100642
 55:  ... loglikelihood=-29743.459772481616	0.9951979192416409
 56:  ... loglikelihood=-29336.246937314172	0.9952473587481057
 57:  ... loglikelihood=-28942.22491118242	0.9952882000795331
 58:  ... loglikelihood=-28560.731367434157	0.9953483873047946
 59:  ... loglikelihood=-28191.148653429875	0.9953892286362219
 60:  ... loglikelihood=-27832.900034354847	0.9954601635802801
 61:  ... loglikelihood=-27485.446312994187	0.9955160517180228
 62:  ... loglikelihood=-27148.28278204479	0.9955590425932096
 63:  ... loglikelihood=-26820.93647120324	0.9956041830121557
 64:  ... loglikelihood=-26502.96365611516	0.9956557720623798
 65:  ... loglikelihood=-26193.947600403073	0.9956901647625291
 66:  ... loglikelihood=-25893.496505586314	0.9957245574626785
 67:  ... loglikelihood=-25601.241646764687	0.9957439033565125
 68:  ... loglikelihood=-25316.835674601694	0.995797641950496
 69:  ... loglikelihood=-25039.95106645717	0.9958277355631268
 70:  ... loglikelihood=-24770.27871150586	0.9958750255258322
 71:  ... loglikelihood=-24507.526616433795	0.9959094182259816
 72:  ... loglikelihood=-24251.41871981036	0.9959653063637243
 73:  ... loglikelihood=-24001.69380458129	0.9960018486076331
 74:  ... loglikelihood=-23758.10449926406	0.9960469890265791
 75:  ... loglikelihood=-23520.416359473827	0.9960899799017658
 76:  ... loglikelihood=-23288.40702229068	0.9961114753393592
 77:  ... loglikelihood=-23061.865426770346	0.9961329707769526
 78:  ... loglikelihood=-22840.591094601117	0.99617381210838
 79:  ... loglikelihood=-22624.393465533267	0.9962082048085293
 80:  ... loglikelihood=-22413.09128273239	0.9962533452274754
 81:  ... loglikelihood=-22206.51202371689	0.9962748406650689
 82:  ... loglikelihood=-22004.491372950502	0.9963006351901809
 83:  ... loglikelihood=-21806.872732559936	0.9963221306277743
 84:  ... loglikelihood=-21613.506767970168	0.9963543737841644
 85:  ... loglikelihood=-21424.25098557218	0.9963801683092763
 86:  ... loglikelihood=-21238.969339800595	0.9964016637468698
 87:  ... loglikelihood=-21057.531867240315	0.9964253087282224
 88:  ... loglikelihood=-20879.81434560726	0.9964468041658158
 89:  ... loglikelihood=-20705.697975636795	0.9964682996034092
 90:  ... loglikelihood=-20535.069084094845	0.9965048418473179
 91:  ... loglikelihood=-20367.818846279486	0.9965220381973926
 92:  ... loglikelihood=-20203.843026530387	0.9965435336349859
 93:  ... loglikelihood=-20043.041735386752	0.9965585804413013
 94:  ... loglikelihood=-19885.3192021508	0.9965714777038573
 95:  ... loglikelihood=-19730.58356172506	0.9965951226852101
 96:  ... loglikelihood=-19578.746654677383	0.996608019947766
 97:  ... loglikelihood=-19429.72383958374	0.9966273658416002
 98:  ... loglikelihood=-19283.433816769793	0.9966553099104715
 99:  ... loglikelihood=-19139.798462645274	0.9966918521543803
100:  ... loglikelihood=-18998.742673893834	0.9967047494169362
Expanding POS Dictionary ...
... finished expanding POS Dictionary. [305ms]
Indexing events using cutoff of 5

	Computing event counts...  done. 465869 events
	Indexing...  done.
Sorting and merging events... done. Reduced 465869 events to 443972.
Done indexing.
Incorporating indexed data for training...  
done.
	Number of Event Tokens: 443972
	    Number of Outcomes: 317
	  Number of Predicates: 79855
...done.
Computing model parameters in 4 threads...
Performing 100 iterations.
  1:  ... loglikelihood=-2682893.8104922343	0.010101552153073075
  2:  ... loglikelihood=-1143502.9898595046	0.9161523947719209
  3:  ... loglikelihood=-604802.4562571946	0.9432651668172812
  4:  ... loglikelihood=-399164.95910676813	0.9591902444678654
  5:  ... loglikelihood=-296093.4734176527	0.9673642161208409
  6:  ... loglikelihood=-235375.4409216044	0.9720908667458019
  7:  ... loglikelihood=-195744.0565852344	0.9754501802008719
  8:  ... loglikelihood=-167979.0323041065	0.9778779012984337
  9:  ... loglikelihood=-147500.3527862411	0.9797539651704664
 10:  ... loglikelihood=-131796.9251244471	0.9812608265413668
 11:  ... loglikelihood=-119383.57282625762	0.9826989990748473
 12:  ... loglikelihood=-109328.09902574113	0.9838624162586478
 13:  ... loglikelihood=-101016.95798907033	0.9847639572497848
 14:  ... loglikelihood=-94030.48056352754	0.9856740843455993
 15:  ... loglikelihood=-88072.47128824878	0.9864489802927432
 16:  ... loglikelihood=-82928.35086528539	0.9871508943501285
 17:  ... loglikelihood=-78439.0546737035	0.987779826517755
 18:  ... loglikelihood=-74484.25979830096	0.9883872934236878
 19:  ... loglikelihood=-70971.36750518315	0.9888960201258293
 20:  ... loglikelihood=-67828.0282721772	0.9893489371475672
 21:  ... loglikelihood=-64996.92766283899	0.9897975611169664
 22:  ... loglikelihood=-62432.089771025494	0.9901817893012843
 23:  ... loglikelihood=-60096.21837308841	0.9905123543313679
 24:  ... loglikelihood=-57958.750126835366	0.9907935492595558
 25:  ... loglikelihood=-55994.40412698307	0.9910940629232682
 26:  ... loglikelihood=-54182.086203709274	0.9913366203804074
 27:  ... loglikelihood=-52504.05244329202	0.9915834708898853
 28:  ... loglikelihood=-50945.2647319277	0.9918410540302102
 29:  ... loglikelihood=-49492.88965054575	0.9920943441181963
 30:  ... loglikelihood=-48135.90514256354	0.9923111432613031
 31:  ... loglikelihood=-46864.78889198766	0.992523649352071
 32:  ... loglikelihood=-45671.269238607805	0.992712543654976
 33:  ... loglikelihood=-44548.12441796299	0.9928949983793728
 34:  ... loglikelihood=-43489.0194913188	0.993051694789737
 35:  ... loglikelihood=-42488.372929013065	0.9932427356188113
 36:  ... loglikelihood=-41541.24671561785	0.9933865528721594
 37:  ... loglikelihood=-40643.25525663332	0.9935346631778461
 38:  ... loglikelihood=-39790.48942216339	0.9936763339050249
 39:  ... loglikelihood=-38979.45286005855	0.9937986858966791
 40:  ... loglikelihood=-38207.00831782371	0.9939231844145028
 41:  ... loglikelihood=-37470.332178241435	0.9940133385136165
 42:  ... loglikelihood=-36766.87577374977	0.9941163717697464
 43:  ... loglikelihood=-36094.33232503053	0.9942065258688602
 44:  ... loglikelihood=-35450.60856926523	0.9942880938632963
 45:  ... loglikelihood=-34833.800317247384	0.9943524896483775
 46:  ... loglikelihood=-34242.171316629814	0.9944490833259994
 47:  ... loglikelihood=-33674.134909093744	0.9945585561606375
 48:  ... loglikelihood=-33128.23805805705	0.9946379776289043
 49:  ... loglikelihood=-32603.147395470856	0.9947216921495099
 50:  ... loglikelihood=-32097.63699466298	0.9948118462486235
 51:  ... loglikelihood=-31610.57762394286	0.9948762420337047
 52:  ... loglikelihood=-31140.927274832895	0.994940637818786
 53:  ... loglikelihood=-30687.72279104293	0.9950157662347141
 54:  ... loglikelihood=-30250.07245100761	0.9950951877029809
 55:  ... loglikelihood=-29827.149378939368	0.9951467043310459
 56:  ... loglikelihood=-29418.18567783026	0.9952132466422965
 57:  ... loglikelihood=-29022.467193269058	0.9952905215843939
 58:  ... loglikelihood=-28639.3288299244	0.9953613569479832
 59:  ... loglikelihood=-28268.150353423232	0.9954193131545563
 60:  ... loglikelihood=-27908.352619643127	0.9954794158872988
 61:  ... loglikelihood=-27559.394181190633	0.9955502512508881
 62:  ... loglikelihood=-27220.768227551984	0.9955803026172594
 63:  ... loglikelihood=-26891.99982102382	0.9956167935621387
 64:  ... loglikelihood=-26572.6433954283	0.9956661636640343
 65:  ... loglikelihood=-26262.280488742766	0.9957005080827442
 66:  ... loglikelihood=-25960.51768437817	0.9957327059752848
 67:  ... loglikelihood=-25666.984738912564	0.9957606108154867
 68:  ... loglikelihood=-25381.332876761575	0.9957928087080273
 69:  ... loglikelihood=-25103.233234572708	0.9958378857575843
 70:  ... loglikelihood=-24832.375440137672	0.9958872558594798
 71:  ... loglikelihood=-24568.466312370096	0.9959258933305285
 72:  ... loglikelihood=-24311.228670410033	0.9959731169062548
 73:  ... loglikelihood=-24060.400241252188	0.9960096078511341
 74:  ... loglikelihood=-23815.732656466447	0.9960482453221828
 75:  ... loglikelihood=-23576.99052959069	0.9960761501623847
 76:  ... loglikelihood=-23343.9506066885	0.9960997619502479
 77:  ... loglikelihood=-23116.400983346073	0.9961319598427885
 78:  ... loglikelihood=-22894.140382090885	0.9961534251044821
 79:  ... loglikelihood=-22676.977484827552	0.9961791834185146
 80:  ... loglikelihood=-22464.730315434797	0.9962178208895633
 81:  ... loglikelihood=-22257.225668154508	0.9962457257297652
 82:  ... loglikelihood=-22054.29857783667	0.9962800701484752
 83:  ... loglikelihood=-21855.791828482146	0.9963036819363383
 84:  ... loglikelihood=-21661.555496876008	0.9963315867765402
 85:  ... loglikelihood=-21471.44652840128	0.9963616381429115
 86:  ... loglikelihood=-21285.328342402045	0.9963959825616214
 87:  ... loglikelihood=-21103.07046470443	0.996428180454162
 88:  ... loglikelihood=-20924.548185132742	0.9964668179252107
 89:  ... loglikelihood=-20749.642238036737	0.9965011623439207
 90:  ... loglikelihood=-20578.238504042958	0.9965247741317839
 91:  ... loglikelihood=-20410.22773139097	0.9965483859196469
 92:  ... loglikelihood=-20245.505275355645	0.9965827303383569
 93:  ... loglikelihood=-20083.970854399522	0.9966149282308975
 94:  ... loglikelihood=-19925.528321800102	0.9966278073879138
 95:  ... loglikelihood=-19770.085451615418	0.9966471261234381
 96:  ... loglikelihood=-19617.55373793793	0.9966621518066238
 97:  ... loglikelihood=-19467.848206480394	0.9966857635944869
 98:  ... loglikelihood=-19320.887237611147	0.9967007892776725
 99:  ... loglikelihood=-19176.59240002964	0.9967244010655356
100:  ... loglikelihood=-19034.888294339526	0.9967480128533988
Expanding POS Dictionary ...
... finished expanding POS Dictionary. [195ms]
Indexing events using cutoff of 5

	Computing event counts...  done. 466513 events
	Indexing...  done.
Sorting and merging events... done. Reduced 466513 events to 444515.
Done indexing.
Incorporating indexed data for training...  
done.
	Number of Event Tokens: 444515
	    Number of Outcomes: 319
	  Number of Predicates: 79924
...done.
Computing model parameters in 4 threads...
Performing 100 iterations.
  1:  ... loglikelihood=-2689536.596933213	0.010012582714736781
  2:  ... loglikelihood=-1145898.417265625	0.9164246226793251
  3:  ... loglikelihood=-606004.3067143332	0.9435792786053122
  4:  ... loglikelihood=-399981.90600293817	0.9593323230006452
  5:  ... loglikelihood=-296711.8581632434	0.9673921198337453
  6:  ... loglikelihood=-235876.01879973093	0.9722622949414057
  7:  ... loglikelihood=-196169.14264536207	0.9754390552889202
  8:  ... loglikelihood=-168353.16842269938	0.9779341626064011
  9:  ... loglikelihood=-147839.03326749714	0.9798955227399879
 10:  ... loglikelihood=-132110.31400608557	0.9814410316539947
 11:  ... loglikelihood=-119678.28400047071	0.9827314565724856
 12:  ... loglikelihood=-109608.35243077582	0.9839147033416004
 13:  ... loglikelihood=-101285.55935117579	0.9848342918632492
 14:  ... loglikelihood=-94289.46648485994	0.985696004184235
 15:  ... loglikelihood=-88323.34364274716	0.9864633997337695
 16:  ... loglikelihood=-83172.13404340077	0.9871386220748404
 17:  ... loglikelihood=-78676.39236395857	0.9877216712074476
 18:  ... loglikelihood=-74715.56256039222	0.9882789975842046
 19:  ... loglikelihood=-71196.93538205599	0.9888063140791361
 20:  ... loglikelihood=-68048.12022966085	0.9893100513812048
 21:  ... loglikelihood=-65211.792387370384	0.9897430511046852
 22:  ... loglikelihood=-62641.97654264489	0.9900967389976271
 23:  ... loglikelihood=-60301.378053265245	0.9904247041347186
 24:  ... loglikelihood=-58159.43172356473	0.9907590999607728
 25:  ... loglikelihood=-56190.850452811326	0.9910549116530515
 26:  ... loglikelihood=-54374.530322583356	0.9913485797823426
 27:  ... loglikelihood=-52692.71528254762	0.9915650796440828
 28:  ... loglikelihood=-51130.353721381674	0.9917601438759477
 29:  ... loglikelihood=-49674.598191340796	0.9920280892493886
 30:  ... loglikelihood=-48314.41273044655	0.9922403019851537
 31:  ... loglikelihood=-47040.261713280495	0.9924182177131184
 32:  ... loglikelihood=-45843.86105391476	0.9926047076930332
 33:  ... loglikelihood=-44717.97757463004	0.9927976283619107
 34:  ... loglikelihood=-43656.26595172717	0.9929841183418254
 35:  ... loglikelihood=-42653.13524845248	0.9931577469438151
 36:  ... loglikelihood=-41703.638939008684	0.9933013656639793
 37:  ... loglikelihood=-40803.383725520645	0.9934385536951811
 38:  ... loglikelihood=-39948.453494825044	0.9935907466672954
 39:  ... loglikelihood=-39135.34555224073	0.9937215040095345
 40:  ... loglikelihood=-38360.91687258374	0.9938501177887862
 41:  ... loglikelihood=-37622.33857286158	0.9939572959381625
 42:  ... loglikelihood=-36917.057170685075	0.9940859097174141
 43:  ... loglikelihood=-36242.761472988306	0.9942038056817281
 44:  ... loglikelihood=-35597.35415984375	0.9943152709570794
 45:  ... loglikelihood=-34978.927302091426	0.9944053006025556
 46:  ... loglikelihood=-34385.741189730936	0.9944696074921814
 47:  ... loglikelihood=-33816.20595853882	0.99456606782662
 48:  ... loglikelihood=-33268.865591229376	0.9946539539091086
 49:  ... loglikelihood=-32742.383941338718	0.9947375528656222
 50:  ... loglikelihood=-32235.532486395427	0.9948211518221357
 51:  ... loglikelihood=-31747.179564674494	0.9949090379046243
 52:  ... loglikelihood=-31276.28088897428	0.9949947804241254
 53:  ... loglikelihood=-30821.87116313298	0.9950483694988136
 54:  ... loglikelihood=-30383.056653738415	0.9951191070774019
 55:  ... loglikelihood=-29959.008591675836	0.9951748397150776
 56:  ... loglikelihood=-29548.95729667361	0.9952370030417159
 57:  ... loglikelihood=-29152.18693352597	0.9953055970573167
 58:  ... loglikelihood=-28768.03082165182	0.995367760383955
 59:  ... loglikelihood=-28395.86723064293	0.9954277801476058
 60:  ... loglikelihood=-28035.115603681	0.9954770820963189
 61:  ... loglikelihood=-27685.233158581315	0.9955156662300944
 62:  ... loglikelihood=-27345.711822866404	0.9955606810528324
 63:  ... loglikelihood=-27016.07546497145	0.9956014087495954
 64:  ... loglikelihood=-26695.877388539637	0.9956614285132461
 65:  ... loglikelihood=-26384.69806093839	0.9957235918398845
 66:  ... loglikelihood=-26082.143050695275	0.9957664630996349
 67:  ... loglikelihood=-25787.841151655375	0.9958029036704229
 68:  ... loglikelihood=-25501.44267432531	0.995852205619136
 69:  ... loglikelihood=-25222.6178871748	0.9958800719379739
 70:  ... loglikelihood=-24951.055592676632	0.9959036511308367
 71:  ... loglikelihood=-24686.461824618196	0.9959400917016246
 72:  ... loglikelihood=-24428.558654732857	0.9959808193983876
 73:  ... loglikelihood=-24177.083098036303	0.9960258342211257
 74:  ... loglikelihood=-23931.786107418902	0.996051556976976
 75:  ... loglikelihood=-23692.431649068614	0.9960837104217889
 76:  ... loglikelihood=-23458.795851197767	0.9961180074295893
 77:  ... loglikelihood=-23230.666219344108	0.9961587351263523
 78:  ... loglikelihood=-23007.840912213087	0.9961930321341528
 79:  ... loglikelihood=-22790.128072649222	0.996250908334816
 80:  ... loglikelihood=-22577.345208872295	0.9962766310906663
 81:  ... loglikelihood=-22369.31862160073	0.9963002102835291
 82:  ... loglikelihood=-22165.882873113598	0.9963216459134043
 83:  ... loglikelihood=-21966.880294694936	0.9963516557952297
 84:  ... loglikelihood=-21772.16052923666	0.9963752349880926
 85:  ... loglikelihood=-21581.580106092915	0.9963988141809553
 86:  ... loglikelihood=-21395.002045541714	0.9964266804997931
 87:  ... loglikelihood=-21212.295490464556	0.9964481161296684
 88:  ... loglikelihood=-21033.335363067512	0.9964738388855188
 89:  ... loglikelihood=-20858.00204466639	0.9964995616413691
 90:  ... loglikelihood=-20686.181076737703	0.9965145665822818
 91:  ... loglikelihood=-20517.762881592727	0.9965381457751445
 92:  ... loglikelihood=-20352.642501179907	0.9965638685309949
 93:  ... loglikelihood=-20190.719352646607	0.9965810170348951
 94:  ... loglikelihood=-20031.896999413344	0.9966067397907454
 95:  ... loglikelihood=-19876.082936610313	0.9966281754206207
 96:  ... loglikelihood=-19723.18838983541	0.996653898176471
 97:  ... loglikelihood=-19573.128126268697	0.9966774773693338
 98:  ... loglikelihood=-19425.820277258597	0.9966881951842714
 99:  ... loglikelihood=-19281.186171573234	0.9967053436881717
100:  ... loglikelihood=-19139.150178572454	0.9967332100070094
Expanding POS Dictionary ...
... finished expanding POS Dictionary. [176ms]
Indexing events using cutoff of 5

	Computing event counts...  done. 465092 events
	Indexing...  done.
Sorting and merging events... done. Reduced 465092 events to 443228.
Done indexing.
Incorporating indexed data for training...  
done.
	Number of Event Tokens: 443228
	    Number of Outcomes: 315
	  Number of Predicates: 79947
...done.
Computing model parameters in 4 threads...
Performing 100 iterations.
  1:  ... loglikelihood=-2675475.513729319	0.01001522279462988
  2:  ... loglikelihood=-1141673.2784804064	0.9162617288622467
  3:  ... loglikelihood=-604255.1941762611	0.9434369974112649
  4:  ... loglikelihood=-398889.0296059112	0.9591371169575051
  5:  ... loglikelihood=-295889.40229826793	0.9672580908723435
  6:  ... loglikelihood=-235194.1164223593	0.972029189923714
  7:  ... loglikelihood=-195572.85808464396	0.9754199169196632
  8:  ... loglikelihood=-167815.76123849422	0.9779419985723254
  9:  ... loglikelihood=-147345.11570479014	0.9798448479010604
 10:  ... loglikelihood=-131649.55848536425	0.9813563768028691
 11:  ... loglikelihood=-119243.27888601186	0.9827324486338187
 12:  ... loglikelihood=-109193.7183040923	0.9837989043028046
 13:  ... loglikelihood=-100887.45484153485	0.9847750552578844
 14:  ... loglikelihood=-93905.22420804083	0.9856566012745865
 15:  ... loglikelihood=-87951.11079578109	0.9864435423529109
 16:  ... loglikelihood=-82810.56124512595	0.9871509292785083
 17:  ... loglikelihood=-78324.4315491246	0.987780912163615
 18:  ... loglikelihood=-74372.36174573666	0.9883764932529479
 19:  ... loglikelihood=-70861.79246686086	0.9889269219853276
 20:  ... loglikelihood=-67720.45279627827	0.9893504940957918
 21:  ... loglikelihood=-64891.10650867141	0.9897869668796712
 22:  ... loglikelihood=-62327.840157603234	0.9901524859597671
 23:  ... loglikelihood=-59993.40442345809	0.9904728526829101
 24:  ... loglikelihood=-57857.271203652424	0.9908147205284116
 25:  ... loglikelihood=-55894.186251707695	0.9911415375882621
 26:  ... loglikelihood=-54083.075287162064	0.9913995510565652
 27:  ... loglikelihood=-52406.208577580604	0.9916081119434434
 28:  ... loglikelihood=-50848.55735816799	0.9918403240649162
 29:  ... loglikelihood=-49397.293722543225	0.9920338341661434
 30:  ... loglikelihood=-48041.398399269354	0.9923090485323334
 31:  ... loglikelihood=-46771.350169960606	0.9925240597559193
 32:  ... loglikelihood=-45578.87759275493	0.9926724175001935
 33:  ... loglikelihood=-44456.758770715605	0.992878828274836
 34:  ... loglikelihood=-43398.65857609675	0.993046537029233
 35:  ... loglikelihood=-42398.99537139037	0.9932099455591582
 36:  ... loglikelihood=-41452.83116304661	0.9933454026300172
 37:  ... loglikelihood=-40555.78051235386	0.993502360823235
 38:  ... loglikelihood=-39703.93456429991	0.9936442682308017
 39:  ... loglikelihood=-38893.797339715384	0.9937969261995476
 40:  ... loglikelihood=-38122.23203583399	0.9939302331581709
 41:  ... loglikelihood=-37386.415542538845	0.9940484893311431
 42:  ... loglikelihood=-36683.799739968475	0.9941344938205774
 43:  ... loglikelihood=-36012.0784229089	0.9942247985344835
 44:  ... loglikelihood=-35369.15891716026	0.994323703697333
 45:  ... loglikelihood=-34753.137626768264	0.9944204587479466
 46:  ... loglikelihood=-34162.278889186346	0.9945107634618527
 47:  ... loglikelihood=-33594.99662595331	0.9946053684002305
 48:  ... loglikelihood=-33049.83836538093	0.9946870726651931
 49:  ... loglikelihood=-32525.47128566231	0.994781677603571
 50:  ... loglikelihood=-32020.669985233995	0.9948741324297128
 51:  ... loglikelihood=-31534.305734950183	0.9949386357967885
 52:  ... loglikelihood=-31065.33700576664	0.9949988389393927
 53:  ... loglikelihood=-30612.80109788338	0.9950740928676477
 54:  ... loglikelihood=-30175.806723980786	0.9951385962347234
 55:  ... loglikelihood=-29753.52742134496	0.9952073998262709
 56:  ... loglikelihood=-29345.1956861561	0.995252552183224
 57:  ... loglikelihood=-28950.097738700926	0.9953084551013562
 58:  ... loglikelihood=-28567.56884124016	0.9953837090296114
 59:  ... loglikelihood=-28196.989101223553	0.9954396119477437
 60:  ... loglikelihood=-27837.779701792682	0.995495514865876
 61:  ... loglikelihood=-27489.39950935076	0.9955557180084801
 62:  ... loglikelihood=-27151.342014655784	0.9955965701409614
 63:  ... loglikelihood=-26823.132569567417	0.9956352721612068
 64:  ... loglikelihood=-26504.325886452316	0.9956976254160467
 65:  ... loglikelihood=-26194.50377139943	0.9957470779974714
 66:  ... loglikelihood=-25893.27306599696	0.9957943804666604
 67:  ... loglikelihood=-25600.263775498126	0.9958352325991416
 68:  ... loglikelihood=-25315.127363864525	0.9958653341704437
 69:  ... loglikelihood=-25037.535198496815	0.9959255373130478
 70:  ... loglikelihood=-24767.177129456846	0.9959814402311801
 71:  ... loglikelihood=-24503.7601897297	0.9960222923636614
 72:  ... loglikelihood=-24247.00740460334	0.9960652946083786
 73:  ... loglikelihood=-23996.65669956158	0.9960996964041523
 74:  ... loglikelihood=-23752.45989726233	0.9961405485366336
 75:  ... loglikelihood=-23514.18179518569	0.9961749503324073
 76:  ... loglikelihood=-23281.599316440268	0.9962179525771245
 77:  ... loglikelihood=-23054.500727009683	0.9962459040361907
 78:  ... loglikelihood=-22832.684913413927	0.9962803058319645
 79:  ... loglikelihood=-22615.960715383633	0.996301806954323
 80:  ... loglikelihood=-22404.146308692194	0.9963297584133892
 81:  ... loglikelihood=-22197.068633776777	0.996364160209163
 82:  ... loglikelihood=-21994.56286620337	0.996394261780465
 83:  ... loglikelihood=-21796.47192543093	0.9964157629028235
 84:  ... loglikelihood=-21602.646018652205	0.9964437143618897
 85:  ... loglikelihood=-21412.94221681402	0.9964738159331917
 86:  ... loglikelihood=-21227.224060175373	0.9965017673922579
 87:  ... loglikelihood=-21045.361191021264	0.9965254186268523
 88:  ... loglikelihood=-20867.229011356896	0.9965490698614468
 89:  ... loglikelihood=-20692.70836361334	0.996577021320513
 90:  ... loglikelihood=-20521.68523256727	0.9965963723306357
 91:  ... loglikelihood=-20354.050466836845	0.9966157233407584
 92:  ... loglikelihood=-20189.699518459256	0.9966286240141735
 93:  ... loglikelihood=-20028.532199191806	0.9966587255854755
 94:  ... loglikelihood=-19870.452452279038	0.9966759264833625
 95:  ... loglikelihood=-19715.368138555627	0.9966909772690135
 96:  ... loglikelihood=-19563.19083582825	0.9967232289525513
 97:  ... loglikelihood=-19413.83565058676	0.996727529177023
 98:  ... loglikelihood=-19267.22104115606	0.9967447300749099
 99:  ... loglikelihood=-19123.268651487284	0.9967791318706837
100:  ... loglikelihood=-18981.903154836284	0.9967920325440988
Expanding POS Dictionary ...
... finished expanding POS Dictionary. [318ms]
Indexing events using cutoff of 5

	Computing event counts...  done. 465554 events
	Indexing...  done.
Sorting and merging events... done. Reduced 465554 events to 443592.
Done indexing.
Incorporating indexed data for training...  
done.
	Number of Event Tokens: 443592
	    Number of Outcomes: 316
	  Number of Predicates: 79688
...done.
Computing model parameters in 4 threads...
Performing 100 iterations.
  1:  ... loglikelihood=-2679608.810499032	0.010005284027202
  2:  ... loglikelihood=-1142988.0979014328	0.9162052092775489
  3:  ... loglikelihood=-604838.7713706698	0.9431881156643482
  4:  ... loglikelihood=-399301.251100581	0.9590681209913351
  5:  ... loglikelihood=-296229.4134107025	0.967116596570967
  6:  ... loglikelihood=-235492.1588824439	0.9719688800869501
  7:  ... loglikelihood=-195840.76334767326	0.9753605381975023
  8:  ... loglikelihood=-168058.86622516482	0.9778801170218707
  9:  ... loglikelihood=-147566.50821867655	0.979789669941618
 10:  ... loglikelihood=-131851.73964769926	0.9813082907675587
 11:  ... loglikelihood=-119428.66861274636	0.9827753601086018
 12:  ... loglikelihood=-109364.69335079868	0.9839438604329466
 13:  ... loglikelihood=-101046.15072968465	0.9849104507747759
 14:  ... loglikelihood=-94053.36614003219	0.9857438664472865
 15:  ... loglikelihood=-88090.02876369888	0.9864484034075531
 16:  ... loglikelihood=-82941.27389235717	0.987137904518058
 17:  ... loglikelihood=-78447.73039569943	0.9877393385085296
 18:  ... loglikelihood=-74488.89603485898	0.9882999609067906
 19:  ... loglikelihood=-70972.12524966983	0.9887918479918548
 20:  ... loglikelihood=-67825.08564911914	0.9892558113559329
 21:  ... loglikelihood=-64990.49076672669	0.9896231156858281
 22:  ... loglikelihood=-62422.38431350471	0.9900076038440224
 23:  ... loglikelihood=-60083.47927839718	0.990344836474394
 24:  ... loglikelihood=-57943.213210715156	0.9906949569759899
 25:  ... loglikelihood=-55976.29998825473	0.9910278936492867
 26:  ... loglikelihood=-54161.63592080734	0.9913372025586721
 27:  ... loglikelihood=-52481.46469916048	0.9916400675324453
 28:  ... loglikelihood=-50920.73407790372	0.9918763451715591
 29:  ... loglikelihood=-49466.59569926829	0.992069663239925
 30:  ... loglikelihood=-48108.012505757535	0.9922952009863517
 31:  ... loglikelihood=-46835.447669359106	0.9925142947971664
 32:  ... loglikelihood=-45640.61586315562	0.992722648715294
 33:  ... loglikelihood=-44516.28268931182	0.9928794511485242
 34:  ... loglikelihood=-43456.10167279464	0.993040549538829
 35:  ... loglikelihood=-42454.480829320935	0.9931952039935217
 36:  ... loglikelihood=-41506.47271165387	0.9933520064267518
 37:  ... loglikelihood=-40607.68323778692	0.993483033117533
 38:  ... loglikelihood=-39754.195650432615	0.9936054678941648
 39:  ... loglikelihood=-38942.50674757929	0.9937644183059323
 40:  ... loglikelihood=-38169.47312670419	0.9938847051040266
 41:  ... loglikelihood=-37432.265648744564	0.9939963999879713
 42:  ... loglikelihood=-36728.330687005604	0.9940952070006916
 43:  ... loglikelihood=-36055.357006201644	0.9942219377343982
 44:  ... loglikelihood=-35411.247336696884	0.9943250407041933
 45:  ... loglikelihood=-34794.09388276638	0.9944216997383762
 46:  ... loglikelihood=-34202.15714182139	0.9945398385579332
 47:  ... loglikelihood=-33633.847522044365	0.9946193137638168
 48:  ... loglikelihood=-33087.70933477027	0.9946816051414015
 49:  ... loglikelihood=-32562.40680983069	0.9947589323687478
 50:  ... loglikelihood=-32056.711840512275	0.9948255197034072
 51:  ... loglikelihood=-31569.493212517566	0.9948835151239169
 52:  ... loglikelihood=-31099.707110469248	0.994954398415651
 53:  ... loglikelihood=-30646.388727766443	0.9950252817073851
 54:  ... loglikelihood=-30208.64483231638	0.9951026089347316
 55:  ... loglikelihood=-29785.647162815465	0.9951949720118397
 56:  ... loglikelihood=-29376.62654876907	0.9952465234967373
 57:  ... loglikelihood=-28980.86766289213	0.9953088148743218
 58:  ... loglikelihood=-28597.704327529602	0.9953754022089811
 59:  ... loglikelihood=-28226.51530767846	0.9954355456080283
 60:  ... loglikelihood=-27866.720532443454	0.9954870970929258
 61:  ... loglikelihood=-27517.777694592973	0.995547240491973
 62:  ... loglikelihood=-27179.179184570152	0.9955880520841836
 63:  ... loglikelihood=-26850.449320975313	0.9956417515476186
 64:  ... loglikelihood=-26531.14184442736	0.9956804151612917
 65:  ... loglikelihood=-26220.837645868298	0.9957384105818015
 66:  ... loglikelihood=-25919.142703976802	0.9957878140881616
 67:  ... loglikelihood=-25625.686209437474	0.9958286256803722
 68:  ... loglikelihood=-25340.118856500525	0.9958823251438071
 69:  ... loglikelihood=-25062.11128457854	0.9959231367360177
 70:  ... loglikelihood=-24791.352654633556	0.9959832801350649
 71:  ... loglikelihood=-24527.549346873006	0.9960154998131259
 72:  ... loglikelihood=-24270.423767785665	0.9960348316199624
 73:  ... loglikelihood=-24019.71325589384	0.9960541634267991
 74:  ... loglikelihood=-23775.169076766535	0.9960670512980234
 75:  ... loglikelihood=-23536.555498853224	0.99608638310486
 76:  ... loglikelihood=-23303.648942621912	0.9961422305468324
 77:  ... loglikelihood=-23076.23719625509	0.9961787461819681
 78:  ... loglikelihood=-22854.11869187667	0.996215261817104
 79:  ... loglikelihood=-22637.101836892736	0.9962410375595527
 80:  ... loglikelihood=-22425.00439558333	0.9962775531946885
 81:  ... loglikelihood=-22217.652916567447	0.9963140688298242
 82:  ... loglikelihood=-22014.882202190456	0.99635058446496
 83:  ... loglikelihood=-21816.534816281353	0.996393544035708
 84:  ... loglikelihood=-21622.460627053802	0.9964300596708437
 85:  ... loglikelihood=-21432.516382246326	0.9964536874347552
 86:  ... loglikelihood=-21246.56531385675	0.9964794631772039
 87:  ... loglikelihood=-21064.47677008379	0.9964944990269657
 88:  ... loglikelihood=-20886.125872296998	0.9965159788123397
 89:  ... loglikelihood=-20711.393195062272	0.996550346468938
 90:  ... loglikelihood=-20540.164467422193	0.9965739742328494
 91:  ... loglikelihood=-20372.3302937886	0.9965954540182235
 92:  ... loglikelihood=-20207.7858929579	0.99661478582506
 93:  ... loglikelihood=-20046.430853872225	0.9966405615675088
 94:  ... loglikelihood=-19888.168906887062	0.9966555974172706
 95:  ... loglikelihood=-19732.907709395295	0.9966856691167942
 96:  ... loglikelihood=-19580.558644760873	0.9966964090094812
 97:  ... loglikelihood=-19431.036633602656	0.9967028529450934
 98:  ... loglikelihood=-19284.259956544913	0.9967243327304673
 99:  ... loglikelihood=-19140.15008762425	0.9967393685802292
100:  ... loglikelihood=-18998.631537608813	0.996754404429991
Expanding POS Dictionary ...
... finished expanding POS Dictionary. [321ms]
Indexing events using cutoff of 5

	Computing event counts...  done. 466575 events
	Indexing...  done.
Sorting and merging events... done. Reduced 466575 events to 444702.
Done indexing.
Incorporating indexed data for training...  
done.
	Number of Event Tokens: 444702
	    Number of Outcomes: 315
	  Number of Predicates: 80076
...done.
Computing model parameters in 4 threads...
Performing 100 iterations.
  1:  ... loglikelihood=-2684006.5789526794	0.01007555055457322
  2:  ... loglikelihood=-1145004.3493055438	0.9161035203343514
  3:  ... loglikelihood=-605906.1560731734	0.9432952901462788
  4:  ... loglikelihood=-399930.1810123662	0.9589562235439104
  5:  ... loglikelihood=-296638.8099089853	0.9670685313186519
  6:  ... loglikelihood=-235779.09417964343	0.9718566146921717
  7:  ... loglikelihood=-196050.7164303073	0.9752258479344157
  8:  ... loglikelihood=-168217.290275787	0.977664898462198
  9:  ... loglikelihood=-147690.30156013728	0.979619568129454
 10:  ... loglikelihood=-131953.0010085167	0.9812098805122434
 11:  ... loglikelihood=-119515.99879649372	0.9825644322992017
 12:  ... loglikelihood=-109443.9119766308	0.9836425012055939
 13:  ... loglikelihood=-101120.9059828661	0.98467341799282
 14:  ... loglikelihood=-94125.72526940813	0.9855307292503884
 15:  ... loglikelihood=-88161.0061154911	0.9863215988854953
 16:  ... loglikelihood=-83011.30597191806	0.9869945882226866
 17:  ... loglikelihood=-78517.07225110411	0.9876482880565826
 18:  ... loglikelihood=-74557.80663329273	0.9882033970958581
 19:  ... loglikelihood=-71040.87386651753	0.9887049241815357
 20:  ... loglikelihood=-67893.91606873396	0.9891678722606226
 21:  ... loglikelihood=-65059.60101645802	0.9895986711675507
 22:  ... loglikelihood=-62491.92474246478	0.9899973209023201
 23:  ... loglikelihood=-60153.55998253934	0.9903123827894765
 24:  ... loglikelihood=-58013.91302601081	0.9907110325242459
 25:  ... loglikelihood=-56047.673744711006	0.9910561003054171
 26:  ... loglikelihood=-54233.719652740176	0.9913625890799979
 27:  ... loglikelihood=-52554.27946149115	0.9915576273910947
 28:  ... loglikelihood=-50994.28895888059	0.9918041043776457
 29:  ... loglikelihood=-49540.89034441243	0.9920505813641965
 30:  ... loglikelihood=-48183.0392686143	0.9922413331190055
 31:  ... loglikelihood=-46911.193415982154	0.9924492310989659
 32:  ... loglikelihood=-45717.063441843464	0.9926464126882066
 33:  ... loglikelihood=-44593.412092079874	0.9927857257675615
 34:  ... loglikelihood=-43533.89093179154	0.9930043401382415
 35:  ... loglikelihood=-42532.90669856131	0.9931629427208916
 36:  ... loglikelihood=-41585.511182281465	0.9933408348068371
 37:  ... loglikelihood=-40687.30992753502	0.9934608583828967
 38:  ... loglikelihood=-39834.3860989507	0.9936044580185394
 39:  ... loglikelihood=-39023.23664105638	0.9937523442104699
 40:  ... loglikelihood=-38250.71846869262	0.9938745110646734
 41:  ... loglikelihood=-37514.00288933499	0.9939838182500134
 42:  ... loglikelihood=-36810.536819204855	0.9940781224883459
 43:  ... loglikelihood=-36138.009636148156	0.9941724267266785
 44:  ... loglikelihood=-35494.324732842215	0.9942495847398596
 45:  ... loglikelihood=-34877.5750080963	0.9943310293093286
 46:  ... loglikelihood=-34286.02167243988	0.9944253335476612
 47:  ... loglikelihood=-33718.07585486377	0.9945453571237207
 48:  ... loglikelihood=-33172.282586584995	0.9946353748057655
 49:  ... loglikelihood=-32647.306809674512	0.9947103895408027
 50:  ... loglikelihood=-32141.92111688182	0.9947896908321278
 51:  ... loglikelihood=-31654.994976758666	0.994862562289021
 52:  ... loglikelihood=-31185.485237404908	0.9949182875207631
 53:  ... loglikelihood=-30732.42773443426	0.9949890156995124
 54:  ... loglikelihood=-30294.929855511735	0.9950640304345496
 55:  ... loglikelihood=-29872.163936001994	0.9951283287788673
 56:  ... loglikelihood=-29463.361378786845	0.9951947704013289
 57:  ... loglikelihood=-29067.80740680211	0.9952419225204951
 58:  ... loglikelihood=-28684.836369844317	0.9953297969243958
 59:  ... loglikelihood=-28313.82753816483	0.9953726624872743
 60:  ... loglikelihood=-27954.201324632155	0.9954198146064406
 61:  ... loglikelihood=-27605.415885081922	0.9954669667256069
 62:  ... loglikelihood=-27266.96405317368	0.995518405401061
 63:  ... loglikelihood=-26938.370571755753	0.9955569844076515
 64:  ... loglikelihood=-26619.18958760928	0.9956127096393934
 65:  ... loglikelihood=-26309.00238063335	0.9956512886459841
 66:  ... loglikelihood=-26007.415302117777	0.9956941542088624
 67:  ... loglikelihood=-25714.057899844527	0.9957434496061727
 68:  ... loglikelihood=-25428.581210446624	0.9957948882816268
 69:  ... loglikelihood=-25150.656201762577	0.9958248941756417
 70:  ... loglikelihood=-24879.972349945783	0.99586775973852
 71:  ... loglikelihood=-24616.236337834693	0.9959106253013985
 72:  ... loglikelihood=-24359.17086262629	0.9959534908642769
 73:  ... loglikelihood=-24108.513542217763	0.9959663505331404
 74:  ... loglikelihood=-23864.015910772134	0.9960113593741627
 75:  ... loglikelihood=-23625.442495066713	0.9960520816588972
 76:  ... loglikelihood=-23392.569964103124	0.9960970904999197
 77:  ... loglikelihood=-23165.186345244532	0.9961335262283663
 78:  ... loglikelihood=-22943.090300850257	0.996169961956813
 79:  ... loglikelihood=-22726.090459994797	0.9961935380163961
 80:  ... loglikelihood=-22514.004800410017	0.9962342603011306
 81:  ... loglikelihood=-22306.660076274733	0.9962621229170016
 82:  ... loglikelihood=-22103.891287906914	0.9962856989765847
 83:  ... loglikelihood=-21905.54118980508	0.9963114183143117
 84:  ... loglikelihood=-21711.459833816014	0.9963371376520388
 85:  ... loglikelihood=-21521.504144524584	0.9963671435460537
 86:  ... loglikelihood=-21335.53752422855	0.9963842897712051
 87:  ... loglikelihood=-21153.429485103097	0.9963992927182125
 88:  ... loglikelihood=-20975.055306388796	0.9964271553340834
 89:  ... loglikelihood=-20800.29571462288	0.9964614477843862
 90:  ... loglikelihood=-20629.036585118258	0.9964743074532497
 91:  ... loglikelihood=-20461.168663048913	0.996493596956545
 92:  ... loglikelihood=-20296.587302649903	0.9965150297379842
 93:  ... loglikelihood=-20135.192223160764	0.9965364625194234
 94:  ... loglikelihood=-19976.887280267227	0.9965750415260141
 95:  ... loglikelihood=-19821.58025189735	0.9965986175855972
 96:  ... loglikelihood=-19669.182637321108	0.9966286234796121
 97:  ... loglikelihood=-19519.60946859746	0.9966393398703317
 98:  ... loglikelihood=-19372.779133482607	0.9966586293736269
 99:  ... loglikelihood=-19228.613208993578	0.9966736323206344
100:  ... loglikelihood=-19087.036304874582	0.9966929218239297
Expanding POS Dictionary ...
... finished expanding POS Dictionary. [315ms]
Indexing events using cutoff of 5

	Computing event counts...  done. 465020 events
	Indexing...  done.
Sorting and merging events... done. Reduced 465020 events to 443103.
Done indexing.
Incorporating indexed data for training...  
done.
	Number of Event Tokens: 443103
	    Number of Outcomes: 317
	  Number of Predicates: 79755
...done.
Computing model parameters in 4 threads...
Performing 100 iterations.
  1:  ... loglikelihood=-2678004.502886256	0.010046879704098748
  2:  ... loglikelihood=-1142884.5346393127	0.916528321362522
  3:  ... loglikelihood=-604922.3595895212	0.9436260805986839
  4:  ... loglikelihood=-399302.8557706189	0.9592684185626424
  5:  ... loglikelihood=-296184.3160338761	0.9673712958582427
  6:  ... loglikelihood=-235422.53471989746	0.9720248591458431
  7:  ... loglikelihood=-195759.1298304474	0.9753580491161671
  8:  ... loglikelihood=-167973.58850276467	0.9778934239387553
  9:  ... loglikelihood=-147482.94617948402	0.9798331254569695
 10:  ... loglikelihood=-131772.82201188718	0.9814007999655929
 11:  ... loglikelihood=-119355.54753133017	0.9827319255085802
 12:  ... loglikelihood=-109297.45065881668	0.983949077459034
 13:  ... loglikelihood=-100984.3393768081	0.9848522644187346
 14:  ... loglikelihood=-93996.34597983316	0.9856866371338867
 15:  ... loglikelihood=-88037.18415108751	0.9864543460496322
 16:  ... loglikelihood=-82892.15827047896	0.9870994795922756
 17:  ... loglikelihood=-78402.08869589455	0.9877231086834974
 18:  ... loglikelihood=-74446.58495639636	0.98823706507247
 19:  ... loglikelihood=-70933.02770235567	0.9887725259128639
 20:  ... loglikelihood=-67789.06960680726	0.9892327211732829
 21:  ... loglikelihood=-64957.404396412516	0.9896864650982753
 22:  ... loglikelihood=-62392.06648292259	0.9900649434432928
 23:  ... loglikelihood=-60055.77116692175	0.9903767579889037
 24:  ... loglikelihood=-57917.964600662905	0.9907745903402004
 25:  ... loglikelihood=-55953.3703808125	0.9910756526601007
 26:  ... loglikelihood=-54140.89340231758	0.991378865425143
 27:  ... loglikelihood=-52462.784717104805	0.9916648746290482
 28:  ... loglikelihood=-50903.99879218251	0.9919057244849684
 29:  ... loglikelihood=-49451.69379137176	0.9921594770117415
 30:  ... loglikelihood=-48094.83916361349	0.9923917250870931
 31:  ... loglikelihood=-46823.90454639614	0.9925723624790331
 32:  ... loglikelihood=-45630.610926483525	0.9927874069932476
 33:  ... loglikelihood=-44507.72995218131	0.9929766461657563
 34:  ... loglikelihood=-43448.920843367334	0.9931422304417015
 35:  ... loglikelihood=-42448.59691539314	0.9932734075953722
 36:  ... loglikelihood=-41501.81561460239	0.9934239387553223
 37:  ... loglikelihood=-40604.18735864327	0.9935422132381403
 38:  ... loglikelihood=-39751.799521427936	0.9936604877209583
 39:  ... loglikelihood=-38941.15269530455	0.9938110188809084
 40:  ... loglikelihood=-38169.106968282504	0.9939034880220206
 41:  ... loglikelihood=-37432.8364196188	0.9940217625048385
 42:  ... loglikelihood=-36729.79039751806	0.9941099307556664
 43:  ... loglikelihood=-36057.66042362808	0.9941980990064944
 44:  ... loglikelihood=-35414.35178940166	0.9942927185927487
 45:  ... loglikelihood=-34797.959083424226	0.9943959399595717
 46:  ... loglikelihood=-34206.74502705499	0.994475506429831
 47:  ... loglikelihood=-33639.122106245064	0.9945486215646638
 48:  ... loglikelihood=-33093.636576253935	0.9946346393703497
 49:  ... loglikelihood=-32568.954487802097	0.9946948518343297
 50:  ... loglikelihood=-32063.84944158824	0.9947851705302998
 51:  ... loglikelihood=-31577.191825762795	0.9948668874457013
 52:  ... loglikelihood=-31107.939330067198	0.9949184981291127
 53:  ... loglikelihood=-30655.12856258439	0.9949550556965292
 54:  ... loglikelihood=-30217.867621715162	0.9950582770633521
 55:  ... loglikelihood=-29795.32949815381	0.9951292417530428
 56:  ... loglikelihood=-29386.746200109825	0.9951937551073072
 57:  ... loglikelihood=-28991.403510487144	0.9952711711324244
 58:  ... loglikelihood=-28608.636297702324	0.9953378349318309
 59:  ... loglikelihood=-28237.824312772762	0.9953937465055266
 60:  ... loglikelihood=-27878.38841453714	0.9954539589695067
 61:  ... loglikelihood=-27529.787172718483	0.9955120209883446
 62:  ... loglikelihood=-27191.513805193328	0.9955550298911875
 63:  ... loglikelihood=-26863.093411526253	0.9956087910197411
 64:  ... loglikelihood=-26544.08046968259	0.9956647025934369
 65:  ... loglikelihood=-26234.056567006533	0.9957141628317062
 66:  ... loglikelihood=-25932.628340140487	0.9957657735151176
 67:  ... loglikelihood=-25639.42560164976	0.995815233753387
 68:  ... loglikelihood=-25354.099633793485	0.9958517913208034
 69:  ... loglikelihood=-25076.321632196057	0.9958926497785041
 70:  ... loglikelihood=-24805.781284185927	0.9959249064556364
 71:  ... loglikelihood=-24542.18546832345	0.9959679153584792
 72:  ... loglikelihood=-24285.257063153524	0.9959980215904692
 73:  ... loglikelihood=-24034.73385457252	0.99603888004817
 74:  ... loglikelihood=-23790.367532348075	0.9960689862801599
 75:  ... loglikelihood=-23551.922767373224	0.9960861898412972
 76:  ... loglikelihood=-23319.176362125836	0.9961205969635715
 77:  ... loglikelihood=-23091.916467604322	0.996144251860135
 78:  ... loglikelihood=-22869.94186071254	0.9961808094275515
 79:  ... loglikelihood=-22653.06127668156	0.9962109156595416
 80:  ... loglikelihood=-22441.092791671235	0.9962431723366737
 81:  ... loglikelihood=-22233.86325117567	0.996277579458948
 82:  ... loglikelihood=-22031.20774029006	0.9963098361360802
 83:  ... loglikelihood=-21832.969092284067	0.9963420928132123
 84:  ... loglikelihood=-21638.997432267173	0.9963635972646337
 85:  ... loglikelihood=-21449.149753038742	0.9963851017160552
 86:  ... loglikelihood=-21263.28952048297	0.9964195088383295
 87:  ... loglikelihood=-21081.28630612886	0.9964431637348932
 88:  ... loglikelihood=-20903.015444694713	0.9964840221925939
 89:  ... loglikelihood=-20728.357714649705	0.9965098275342996
 90:  ... loglikelihood=-20557.19903999372	0.9965291815405789
 91:  ... loglikelihood=-20389.430211620296	0.9965506859920004
 92:  ... loglikelihood=-20224.94662676332	0.9965743408885639
 93:  ... loglikelihood=-20063.648045172296	0.9965958453399854
 94:  ... loglikelihood=-19905.43836075992	0.9966173497914068
 95:  ... loglikelihood=-19750.22538758464	0.9966388542428283
 96:  ... loglikelihood=-19597.920659122283	0.9966517569136811
 97:  ... loglikelihood=-19448.43923986601	0.996664659584534
 98:  ... loglikelihood=-19301.69954837489	0.9966990667068083
 99:  ... loglikelihood=-19157.62319096207	0.9967119693776612
100:  ... loglikelihood=-19016.134805277477	0.9967270224936562
Expanding POS Dictionary ...
... finished expanding POS Dictionary. [387ms]
Indexing events using cutoff of 5

	Computing event counts...  done. 466075 events
	Indexing...  done.
Sorting and merging events... done. Reduced 466075 events to 444030.
Done indexing.
Incorporating indexed data for training...  
done.
	Number of Event Tokens: 444030
	    Number of Outcomes: 316
	  Number of Predicates: 79927
...done.
Computing model parameters in 4 threads...
Performing 100 iterations.
  1:  ... loglikelihood=-2682607.552192307	0.010049884675213217
  2:  ... loglikelihood=-1143860.8352824799	0.9162752775840798
  3:  ... loglikelihood=-605126.7250025836	0.9431958375797886
  4:  ... loglikelihood=-399317.80911689135	0.9590452180443062
  5:  ... loglikelihood=-296125.0673732448	0.9673164190312717
  6:  ... loglikelihood=-235328.453727137	0.9721782974843105
  7:  ... loglikelihood=-195645.4749342285	0.9754524486402403
  8:  ... loglikelihood=-167847.4867987229	0.9779456096121869
  9:  ... loglikelihood=-147348.55921198803	0.9798465912138604
 10:  ... loglikelihood=-131632.98763638403	0.9814321729335408
 11:  ... loglikelihood=-119212.47195334954	0.9827452663197983
 12:  ... loglikelihood=-109152.9611913868	0.9838051815694899
 13:  ... loglikelihood=-100839.90719189949	0.9847985839188972
 14:  ... loglikelihood=-93853.08157290576	0.9856997264388778
 15:  ... loglikelihood=-87895.84653544493	0.9864785710454326
 16:  ... loglikelihood=-82753.20678004134	0.9871887571742746
 17:  ... loglikelihood=-78265.78249855964	0.9877573351928338
 18:  ... loglikelihood=-74313.06539960777	0.9883538057179638
 19:  ... loglikelihood=-70802.35993091988	0.9888408517942391
 20:  ... loglikelihood=-67661.26793536366	0.989289277476801
 21:  ... loglikelihood=-64832.450580947814	0.9897183929625061
 22:  ... loglikelihood=-62269.91640671501	0.9901153247867832
 23:  ... loglikelihood=-59936.35575960259	0.9904478892882047
 24:  ... loglikelihood=-57801.19374800821	0.9907976184090543
 25:  ... loglikelihood=-55839.14035906806	0.9910894169393338
 26:  ... loglikelihood=-54029.094188234936	0.9913254304564716
 27:  ... loglikelihood=-52353.30518927018	0.9916000643673228
 28:  ... loglikelihood=-50796.7298693561	0.9918339323070321
 29:  ... loglikelihood=-49346.53018473016	0.9920420533175991
 30:  ... loglikelihood=-47991.68031616582	0.9922780668347368
 31:  ... loglikelihood=-46722.65510559149	0.9925076436195891
 32:  ... loglikelihood=-45531.18093665049	0.9927264925172987
 33:  ... loglikelihood=-44410.034867296556	0.9929045754438663
 34:  ... loglikelihood=-43352.88141796	0.9930504747090061
 35:  ... loglikelihood=-42354.13901041335	0.9932113930161455
 36:  ... loglikelihood=-41408.86994465125	0.9933615834361422
 37:  ... loglikelihood=-40512.68920132243	0.9935246473207102
 38:  ... loglikelihood=-39661.688405967434	0.9936555275438502
 39:  ... loglikelihood=-38852.372084609975	0.9937885533444188
 40:  ... loglikelihood=-38081.603945615796	0.9938958322158451
 41:  ... loglikelihood=-37346.56138823575	0.9940224212841281
 42:  ... loglikelihood=-36644.69679887273	0.9941468647749826
 43:  ... loglikelihood=-35973.704477376115	0.9942176688301239
 44:  ... loglikelihood=-35331.49225653645	0.9943270932789787
 45:  ... loglikelihood=-34716.15705244818	0.9944429544601191
 46:  ... loglikelihood=-34125.96372212425	0.994520195247546
 47:  ... loglikelihood=-33559.32671564994	0.9945995816124015
 48:  ... loglikelihood=-33014.79409930349	0.9946939870192566
 49:  ... loglikelihood=-32491.033598116082	0.9947926835809687
 50:  ... loglikelihood=-31986.82036486052	0.9948849434103954
 51:  ... loglikelihood=-31501.02623020664	0.9949471651558226
 52:  ... loglikelihood=-31032.610227932586	0.9950050957463927
 53:  ... loglikelihood=-30580.61022133808	0.995103792308105
 54:  ... loglikelihood=-30144.13548365169	0.9951617228986751
 55:  ... loglikelihood=-29722.360107388904	0.9952217990666739
 56:  ... loglikelihood=-29314.517136047616	0.9952840208121011
 57:  ... loglikelihood=-28919.89332699142	0.9953741350640991
 58:  ... loglikelihood=-28537.824467312523	0.9954449391192405
 59:  ... loglikelihood=-28167.69117539158	0.9955050152872392
 60:  ... loglikelihood=-27808.915130112215	0.9955586547229524
 61:  ... loglikelihood=-27460.955677485945	0.995610148581237
 62:  ... loglikelihood=-27123.306771126645	0.9956616424395215
 63:  ... loglikelihood=-26795.49420866345	0.9957024084106635
 64:  ... loglikelihood=-26477.07313105712	0.9957474655366626
 65:  ... loglikelihood=-26167.62575593323	0.9958053961272327
 66:  ... loglikelihood=-25866.759319641234	0.9958504532532317
 67:  ... loglikelihood=-25574.104205820797	0.9958955103792309
 68:  ... loglikelihood=-25289.31224094759	0.9959341307729442
 69:  ... loglikelihood=-25012.055139620148	0.9959620232795151
 70:  ... loglikelihood=-24742.02308438156	0.9959877702086574
 71:  ... loglikelihood=-24478.92342660176	0.9960242450249424
 72:  ... loglikelihood=-24222.479496475044	0.996075738883227
 73:  ... loglikelihood=-23972.42951153224	0.9961014858123692
 74:  ... loglikelihood=-23728.525574216113	0.996120796009226
 75:  ... loglikelihood=-23490.532750106468	0.996161561980368
 76:  ... loglikelihood=-23258.228219284545	0.9962001823740815
 77:  ... loglikelihood=-23031.400494102254	0.9962302204580807
 78:  ... loglikelihood=-22809.84869734481	0.9962645496969372
 79:  ... loglikelihood=-22593.381895380033	0.996288151048651
 80:  ... loglikelihood=-22381.818481436567	0.9963138979777932
 81:  ... loglikelihood=-22174.985604647823	0.9963396449069356
 82:  ... loglikelihood=-21972.71864091774	0.996369682990935
 83:  ... loglikelihood=-21774.860702061782	0.9964083033846484
 84:  ... loglikelihood=-21581.262180008394	0.9964340503137907
 85:  ... loglikelihood=-21391.780323158397	0.9964683795526471
 86:  ... loglikelihood=-21206.278842266758	0.996500563214075
 87:  ... loglikelihood=-21024.627543465096	0.9965134366786461
 88:  ... loglikelihood=-20846.701986250504	0.9965348924529314
 89:  ... loglikelihood=-20672.383164471015	0.9965584938046452
 90:  ... loglikelihood=-20501.557208513965	0.9965713672692164
 91:  ... loglikelihood=-20334.11510705989	0.9966014053532157
 92:  ... loglikelihood=-20169.95244690607	0.9966164243952154
 93:  ... loglikelihood=-20008.96916950355	0.9966571903663574
 94:  ... loglikelihood=-19851.0693429506	0.9966765005632141
 95:  ... loglikelihood=-19696.16094831387	0.9966915196052137
 96:  ... loglikelihood=-19544.15567921628	0.9967001019149279
 97:  ... loglikelihood=-19394.968753749017	0.9967237032666416
 98:  ... loglikelihood=-19248.518737814855	0.9967430134634984
 99:  ... loglikelihood=-19104.72737909985	0.996758032505498
100:  ... loglikelihood=-18963.519450929118	0.9967794882797832
Expanding POS Dictionary ...
... finished expanding POS Dictionary. [323ms]
Indexing events using cutoff of 5

	Computing event counts...  done. 464937 events
	Indexing...  done.
Sorting and merging events... done. Reduced 464937 events to 442996.
Done indexing.
Incorporating indexed data for training...  
done.
	Number of Event Tokens: 442996
	    Number of Outcomes: 316
	  Number of Predicates: 79802
...done.
Computing model parameters in 4 threads...
Performing 100 iterations.
  1:  ... loglikelihood=-2676057.5175532564	0.010033617457849128
  2:  ... loglikelihood=-1141495.844395066	0.9166532239851851
  3:  ... loglikelihood=-603910.4600267643	0.9436031118194508
  4:  ... loglikelihood=-398553.1184495507	0.9594095544127484
  5:  ... loglikelihood=-295594.4488220952	0.9673504152175456
  6:  ... loglikelihood=-234937.72225389536	0.97230162366084
  7:  ... loglikelihood=-195347.0883715227	0.9755343197035298
  8:  ... loglikelihood=-167613.62693853525	0.9779862648057693
  9:  ... loglikelihood=-147161.35697620249	0.9798639385551161
 10:  ... loglikelihood=-131480.55463997333	0.9813867255133492
 11:  ... loglikelihood=-119086.5068848668	0.9828105743358778
 12:  ... loglikelihood=-109047.36068536039	0.9839139496318856
 13:  ... loglikelihood=-100750.14793876014	0.9848710685533739
 14:  ... loglikelihood=-93775.89936278203	0.9856754786132315
 15:  ... loglikelihood=-87828.92349406572	0.9864841903311632
 16:  ... loglikelihood=-82694.83926038464	0.9871530981616864
 17:  ... loglikelihood=-78214.63164593784	0.9878047993599133
 18:  ... loglikelihood=-74268.03841186414	0.9883339033030282
 19:  ... loglikelihood=-70762.56600994618	0.9888845155365136
 20:  ... loglikelihood=-67625.98621410836	0.9893318879762204
 21:  ... loglikelihood=-64801.09488821542	0.9897297913480751
 22:  ... loglikelihood=-62242.00622724445	0.9901212422328186
 23:  ... loglikelihood=-59911.495190925445	0.9904610732206729
 24:  ... loglikelihood=-57779.054348819904	0.9907557367987491
 25:  ... loglikelihood=-55819.44666886363	0.9911149252479368
 26:  ... loglikelihood=-54011.612362483225	0.9914009855098648
 27:  ... loglikelihood=-52337.834473900366	0.9916655374814222
 28:  ... loglikelihood=-50783.09617315099	0.991904279504535
 29:  ... loglikelihood=-49334.58112373034	0.992110759092092
 30:  ... loglikelihood=-47981.281328797006	0.9923086353635009
 31:  ... loglikelihood=-46713.68638432975	0.9925086624639468
 32:  ... loglikelihood=-45523.534997995026	0.9927129912224667
 33:  ... loglikelihood=-44403.61462364705	0.9929388282713572
 34:  ... loglikelihood=-43347.5986438922	0.9930872354749138
 35:  ... loglikelihood=-42349.91311863297	0.9932399443365445
 36:  ... loglikelihood=-41405.62700481227	0.9933862007110641
 37:  ... loglikelihood=-40510.36114868097	0.9935217029403983
 38:  ... loglikelihood=-39660.212397432704	0.9936572051697327
 39:  ... loglikelihood=-38851.689968255625	0.9937647466215853
 40:  ... loglikelihood=-38081.661816808555	0.9938593830992156
 41:  ... loglikelihood=-37347.309211620304	0.9939948853285498
 42:  ... loglikelihood=-36646.088080545036	0.9941325383869213
 43:  ... loglikelihood=-35975.69597578635	0.994246532325885
 44:  ... loglikelihood=-35334.04372390696	0.99433041465833
 45:  ... loglikelihood=-34719.23100095081	0.9944185986488492
 46:  ... loglikelihood=-34129.52521080697	0.9945024809812942
 47:  ... loglikelihood=-33563.34315529358	0.9946078716041098
 48:  ... loglikelihood=-33019.235073174146	0.9946831506204067
 49:  ... loglikelihood=-32495.870697091686	0.9947390721753699
 50:  ... loglikelihood=-31992.02703571033	0.9948035970464816
 51:  ... loglikelihood=-31506.577635996575	0.994863820259519
 52:  ... loglikelihood=-31038.483119651097	0.9949369484467788
 53:  ... loglikelihood=-30586.782819908112	0.9949971716598163
 54:  ... loglikelihood=-30150.587371557573	0.9950702998470761
 55:  ... loglikelihood=-29729.072129177373	0.9951369755472247
 56:  ... loglikelihood=-29321.47130701845	0.995188595444114
 57:  ... loglikelihood=-28927.07274941277	0.9952294611958179
 58:  ... loglikelihood=-28545.21325354433	0.9952982877250036
 59:  ... loglikelihood=-28175.274377344314	0.9953477567928558
 60:  ... loglikelihood=-27816.678674485105	0.9953993766897451
 61:  ... loglikelihood=-27468.886306295004	0.9954595999027825
 62:  ... loglikelihood=-27131.39198704753	0.9955262756029312
 63:  ... loglikelihood=-26803.722224768673	0.9955671413546352
 64:  ... loglikelihood=-26485.432824549385	0.9956187612515244
 65:  ... loglikelihood=-26176.10662552543	0.9956746828064877
 66:  ... loglikelihood=-25875.351446249595	0.9957133977291547
 67:  ... loglikelihood=-25582.79821628408	0.9957714701131551
 68:  ... loglikelihood=-25298.099274500622	0.9958209391810073
 69:  ... loglikelihood=-25020.92681688389	0.9958661065907854
 70:  ... loglikelihood=-24750.971478649637	0.995930631461897
 71:  ... loglikelihood=-24487.941037225784	0.9959822513587863
 72:  ... loglikelihood=-24231.559224175362	0.996014513794342
 73:  ... loglikelihood=-23981.564635468225	0.9960467762298978
 74:  ... loglikelihood=-23737.709730673876	0.9960833403235277
 75:  ... loglikelihood=-23499.75991266821	0.9961134519300464
 76:  ... loglikelihood=-23267.492680361604	0.9961693734850098
 77:  ... loglikelihood=-23040.69684772235	0.9962102392367138
 78:  ... loglikelihood=-22819.171823091812	0.9962295966980472
 79:  ... loglikelihood=-22602.726943394337	0.9962640099626401
 80:  ... loglikelihood=-22391.180858393855	0.9962790657658994
 81:  ... loglikelihood=-22184.36096063569	0.9963177806885664
 82:  ... loglikelihood=-21982.102857142017	0.996339288978937
 83:  ... loglikelihood=-21784.24987931621	0.9963500431241222
 84:  ... loglikelihood=-21590.652627844847	0.996384456388715
 85:  ... loglikelihood=-21401.168549706366	0.9964102663371597
 86:  ... loglikelihood=-21215.661544647744	0.9964468304307895
 87:  ... loglikelihood=-21034.001598755585	0.996461886234049
 88:  ... loglikelihood=-20856.064442951043	0.9965006011567159
 89:  ... loglikelihood=-20681.73123444138	0.9965371652503457
 90:  ... loglikelihood=-20510.88825933809	0.9965608243697534
 91:  ... loglikelihood=-20343.426654807874	0.9965823326601239
 92:  ... loglikelihood=-20179.24214926335	0.9965973884633832
 93:  ... loglikelihood=-20018.23481923823	0.9966145950956796
 94:  ... loglikelihood=-19860.308861697762	0.996631801727976
 95:  ... loglikelihood=-19705.37238064907	0.9966619133344948
 96:  ... loglikelihood=-19553.337187004723	0.9967006282571618
 97:  ... loglikelihood=-19404.118610747053	0.9967264382056064
 98:  ... loglikelihood=-19257.63532450832	0.9967436448379028
 99:  ... loglikelihood=-19113.809177767776	0.9967608514701992
100:  ... loglikelihood=-18972.565040916317	0.9967888122476809
0.9727698368819279
