Expanding POS Dictionary ...
... finished expanding POS Dictionary. [1115ms]
Indexing events using cutoff of 0

	Computing event counts...  done. 464796 events
	Indexing...  done.
Collecting events... Done indexing.
Incorporating indexed data for training...  
done.
	Number of Event Tokens: 464796
	    Number of Outcomes: 320
	  Number of Predicates: 567452
Computing model parameters...
Performing 500 iterations.
  1:  . (436175/464796) 0.9384224476974845
  2:  . (451534/464796) 0.9714670522121532
  3:  . (455640/464796) 0.9803010352929027
  4:  . (457649/464796) 0.98462336164683
  5:  . (458879/464796) 0.9872696839043366
  6:  . (459907/464796) 0.9894814068967891
  7:  . (460492/464796) 0.9907400235802374
  8:  . (461089/464796) 0.9920244580418076
  9:  . (461638/464796) 0.9932056213908897
 10:  . (461788/464796) 0.9935283436174149
 20:  . (463391/464796) 0.996977168478214
 30:  . (463923/464796) 0.9981217566416234
 40:  . (464161/464796) 0.9986338092410434
 50:  . (464273/464796) 0.9988747751701822
 60:  . (464308/464796) 0.9989500770230381
 70:  . (464467/464796) 0.9992921625831548
 80:  . (464469/464796) 0.9992964655461751
 90:  . (464504/464796) 0.999371767399031
100:  . (464477/464796) 0.9993136773982565
110:  . (464585/464796) 0.9995460374013546
120:  . (464578/464796) 0.9995309770307834
130:  . (464546/464796) 0.9994621296224581
140:  . (464584/464796) 0.9995438859198444
150:  . (464621/464796) 0.9996234907357207
Stopping: change in training set accuracy less than 1.0E-5
Stats: (464481/464796) 0.9993222833242971
...done.
Expanding POS Dictionary ...
... finished expanding POS Dictionary. [217ms]
Indexing events using cutoff of 0

	Computing event counts...  done. 465215 events
	Indexing...  done.
Collecting events... Done indexing.
Incorporating indexed data for training...  
done.
	Number of Event Tokens: 465215
	    Number of Outcomes: 320
	  Number of Predicates: 567774
Computing model parameters...
Performing 500 iterations.
  1:  . (436817/465215) 0.9389572563223456
  2:  . (451861/465215) 0.9712949926378126
  3:  . (455912/465215) 0.9800027944068871
  4:  . (458221/465215) 0.9849660909471964
  5:  . (459534/465215) 0.987788441903206
  6:  . (460300/465215) 0.9894349924228583
  7:  . (460985/465215) 0.9909074298980042
  8:  . (461482/465215) 0.9919757531463946
  9:  . (461880/465215) 0.9928312715626109
 10:  . (462291/465215) 0.9937147340476984
 20:  . (463801/465215) 0.9969605451242973
 30:  . (464299/465215) 0.9980310179164472
 40:  . (464459/465215) 0.9983749449179412
 50:  . (464657/465215) 0.9988005545822899
 60:  . (464767/465215) 0.999037004395817
 70:  . (464811/465215) 0.9991315843212278
 80:  . (464895/465215) 0.9993121459970121
 90:  . (464908/465215) 0.9993400900658835
100:  . (464936/465215) 0.999400277291145
110:  . (464926/465215) 0.9993787818535516
120:  . (464947/465215) 0.9994239222724977
130:  . (464964/465215) 0.9994604645164064
Stopping: change in training set accuracy less than 1.0E-5
Stats: (464187/465215) 0.9977902690154015
...done.
Expanding POS Dictionary ...
... finished expanding POS Dictionary. [181ms]
Indexing events using cutoff of 0

	Computing event counts...  done. 465869 events
	Indexing...  done.
Collecting events... Done indexing.
Incorporating indexed data for training...  
done.
	Number of Event Tokens: 465869
	    Number of Outcomes: 317
	  Number of Predicates: 567638
Computing model parameters...
Performing 500 iterations.
  1:  . (437252/465869) 0.9385728606110302
  2:  . (452612/465869) 0.9715435025726116
  3:  . (456745/465869) 0.9804150952306335
  4:  . (458737/465869) 0.9846909753600261
  5:  . (460165/465869) 0.9877562147298918
  6:  . (460957/465869) 0.9894562634560359
  7:  . (461618/465869) 0.990875117253992
  8:  . (462152/465869) 0.9920213622284376
  9:  . (462496/465869) 0.9927597672307021
 10:  . (462932/465869) 0.9936956526405492
 20:  . (464525/465869) 0.9971150688283617
 30:  . (464949/465869) 0.9980251959241762
 40:  . (465249/465869) 0.9986691537749882
 50:  . (465263/465869) 0.9986992051413595
 60:  . (465354/465869) 0.9988945390227725
 70:  . (465450/465869) 0.9991006055350323
 80:  . (465496/465869) 0.9991993457388236
 90:  . (465578/465869) 0.9993753608847122
100:  . (465616/465869) 0.9994569288791484
110:  . (465612/465869) 0.9994483427744709
120:  . (465622/465869) 0.9994698080361647
130:  . (465595/465869) 0.9994118518295916
140:  . (465644/465869) 0.9995170316118909
150:  . (465638/465869) 0.9995041524548747
160:  . (465648/465869) 0.9995256177165683
170:  . (465644/465869) 0.9995170316118909
180:  . (465703/465869) 0.9996436766558839
190:  . (465696/465869) 0.9996286509726984
200:  . (465719/465869) 0.9996780210745939
210:  . (465702/465869) 0.9996415301297146
220:  . (465704/465869) 0.9996458231820533
230:  . (465696/465869) 0.9996286509726984
240:  . (465711/465869) 0.999660848865239
250:  . (465728/465869) 0.9996973398101183
Stopping: change in training set accuracy less than 1.0E-5
Stats: (465597/465869) 0.9994161448819303
...done.
Expanding POS Dictionary ...
... finished expanding POS Dictionary. [169ms]
Indexing events using cutoff of 0

	Computing event counts...  done. 466513 events
	Indexing...  done.
Collecting events... Done indexing.
Incorporating indexed data for training...  
done.
	Number of Event Tokens: 466513
	    Number of Outcomes: 319
	  Number of Predicates: 568598
Computing model parameters...
Performing 500 iterations.
  1:  . (437717/466513) 0.9382739602111838
  2:  . (453403/466513) 0.9718978892335262
  3:  . (457206/466513) 0.9800498592750899
  4:  . (459485/466513) 0.984935039323663
  5:  . (460763/466513) 0.987674512821722
  6:  . (461626/466513) 0.9895244076799574
  7:  . (462195/466513) 0.9907440950198602
  8:  . (462768/466513) 0.9919723566117129
  9:  . (463289/466513) 0.9930891529282142
 10:  . (463630/466513) 0.9938201079069607
 20:  . (465074/466513) 0.9969154128609492
 30:  . (465616/466513) 0.9980772240001886
 40:  . (465877/466513) 0.998636693939933
 50:  . (466030/466513) 0.9989646590770247
 60:  . (466076/466513) 0.9990632629744509
 70:  . (466059/466513) 0.9990268224036629
 80:  . (466182/466513) 0.9992904806511287
 90:  . (466206/466513) 0.9993419261628294
100:  . (466204/466513) 0.9993376390368542
110:  . (466249/466513) 0.999434099371293
120:  . (466215/466513) 0.999361218229717
130:  . (466255/466513) 0.9994469607492181
140:  . (466303/466513) 0.9995498517726195
150:  . (466281/466513) 0.9995026933868938
160:  . (466328/466513) 0.9996034408473076
170:  . (466335/466513) 0.9996184457882202
180:  . (466351/466513) 0.9996527427960207
Stopping: change in training set accuracy less than 1.0E-5
Stats: (466022/466513) 0.9989475105731245
...done.
Expanding POS Dictionary ...
... finished expanding POS Dictionary. [187ms]
Indexing events using cutoff of 0

	Computing event counts...  done. 465092 events
	Indexing...  done.
Collecting events... Done indexing.
Incorporating indexed data for training...  
done.
	Number of Event Tokens: 465092
	    Number of Outcomes: 315
	  Number of Predicates: 567388
Computing model parameters...
Performing 500 iterations.
  1:  . (436616/465092) 0.9387734039716873
  2:  . (451760/465092) 0.9713347036715316
  3:  . (455857/465092) 0.9801437135018448
  4:  . (457851/465092) 0.984431037300147
  5:  . (459307/465092) 0.9875616007155573
  6:  . (460112/465092) 0.9892924410654236
  7:  . (460921/465092) 0.9910318818642333
  8:  . (461412/465092) 0.9920875869720399
  9:  . (461845/465092) 0.9930185855701668
 10:  . (462215/465092) 0.9938141270974344
 20:  . (463709/465092) 0.9970263947778074
 30:  . (464201/465092) 0.9980842499978498
 40:  . (464461/465092) 0.9986432791791732
 50:  . (464514/465092) 0.9987572351276737
 60:  . (464623/465092) 0.9989915973613822
 70:  . (464699/465092) 0.9991550058913076
 80:  . (464745/465092) 0.9992539110541571
 90:  . (464843/465092) 0.9994646220532711
100:  . (464802/465092) 0.999376467451601
110:  . (464800/465092) 0.9993721672271293
120:  . (464854/465092) 0.9994882732878656
130:  . (464875/465092) 0.9995334256448186
140:  . (464878/465092) 0.9995398759815263
Stopping: change in training set accuracy less than 1.0E-5
Stats: (464655/465092) 0.9990604009529297
...done.
Expanding POS Dictionary ...
... finished expanding POS Dictionary. [170ms]
Indexing events using cutoff of 0

	Computing event counts...  done. 465554 events
	Indexing...  done.
Collecting events... Done indexing.
Incorporating indexed data for training...  
done.
	Number of Event Tokens: 465554
	    Number of Outcomes: 316
	  Number of Predicates: 567892
Computing model parameters...
Performing 500 iterations.
  1:  . (437137/465554) 0.9389608939027482
  2:  . (452357/465554) 0.9716531272419526
  3:  . (456287/465554) 0.9800946828939285
  4:  . (458409/465554) 0.984652693350288
  5:  . (459812/465554) 0.9876663072382581
  6:  . (460591/465554) 0.9893395825188914
  7:  . (461297/465554) 0.9908560553662947
  8:  . (461769/465554) 0.9918699012359469
  9:  . (462308/465554) 0.9930276616676046
 10:  . (462670/465554) 0.9938052298981429
 20:  . (464079/465554) 0.9968317316573373
 30:  . (464654/465554) 0.9980668193163413
 40:  . (464839/465554) 0.9984641953457601
 50:  . (465031/465554) 0.9988766072249406
 60:  . (465126/465554) 0.9990806651859935
 70:  . (465180/465554) 0.999196656027013
 80:  . (465202/465554) 0.9992439115548357
 90:  . (465221/465554) 0.9992847231470463
100:  . (465244/465554) 0.9993341266534065
110:  . (465298/465554) 0.999450117494426
120:  . (465281/465554) 0.9994136018592902
130:  . (465284/465554) 0.9994200457949024
140:  . (465335/465554) 0.9995295927003097
Stopping: change in training set accuracy less than 1.0E-5
Stats: (465054/465554) 0.9989260107313007
...done.
Expanding POS Dictionary ...
... finished expanding POS Dictionary. [168ms]
Indexing events using cutoff of 0

	Computing event counts...  done. 466575 events
	Indexing...  done.
Collecting events... Done indexing.
Incorporating indexed data for training...  
done.
	Number of Event Tokens: 466575
	    Number of Outcomes: 315
	  Number of Predicates: 568612
Computing model parameters...
Performing 500 iterations.
  1:  . (437931/466575) 0.9386079408455232
  2:  . (453249/466575) 0.971438675454107
  3:  . (457294/466575) 0.980108235546268
  4:  . (459276/466575) 0.9843562128275197
  5:  . (460728/466575) 0.9874682526924932
  6:  . (461663/466575) 0.9894722177570594
  7:  . (462336/466575) 0.9909146439479184
  8:  . (462812/466575) 0.9919348443444248
  9:  . (463266/466575) 0.992907892621765
 10:  . (463658/466575) 0.9937480576541821
 20:  . (465138/466575) 0.9969201093071853
 30:  . (465657/466575) 0.9980324706638805
 40:  . (465901/466575) 0.9985554305309972
 50:  . (466014/466575) 0.9987976209612602
 60:  . (466113/466575) 0.9990098054975084
 70:  . (466150/466575) 0.9990891067888336
 80:  . (466188/466575) 0.9991705513583026
 90:  . (466271/466575) 0.999348443444248
100:  . (466289/466575) 0.9993870224508385
110:  . (466308/466575) 0.999427744735573
120:  . (466312/466575) 0.9994363178481488
130:  . (466307/466575) 0.9994256014574291
140:  . (466342/466575) 0.9995006161924663
150:  . (466369/466575) 0.9995584847023522
160:  . (466391/466575) 0.9996056368215185
170:  . (466385/466575) 0.9995927771526549
180:  . (466379/466575) 0.9995799174837915
190:  . (466377/466575) 0.9995756309275036
Stopping: change in training set accuracy less than 1.0E-5
Stats: (466181/466575) 0.9991555484112951
...done.
Expanding POS Dictionary ...
... finished expanding POS Dictionary. [147ms]
Indexing events using cutoff of 0

	Computing event counts...  done. 465020 events
	Indexing...  done.
Collecting events... Done indexing.
Incorporating indexed data for training...  
done.
	Number of Event Tokens: 465020
	    Number of Outcomes: 317
	  Number of Predicates: 568276
Computing model parameters...
Performing 500 iterations.
  1:  . (436449/465020) 0.9385596318437917
  2:  . (451787/465020) 0.9715431594340028
  3:  . (455810/465020) 0.9801944002408498
  4:  . (458047/465020) 0.9850049460238269
  5:  . (459170/465020) 0.9874198959184551
  6:  . (459966/465020) 0.9891316502516021
  7:  . (460906/465020) 0.9911530686852178
  8:  . (461412/465020) 0.9922411939271429
  9:  . (461607/465020) 0.992660530729861
 10:  . (461961/465020) 0.9934217883101802
 20:  . (463644/465020) 0.9970409874844093
 30:  . (464102/465020) 0.9980258913595114
 40:  . (464395/465020) 0.9986559717861597
 50:  . (464472/465020) 0.9988215560621049
 60:  . (464512/465020) 0.9989075738677906
 70:  . (464607/465020) 0.9991118661562943
 80:  . (464675/465020) 0.9992580964259602
 90:  . (464718/465020) 0.9993505655670724
100:  . (464688/465020) 0.9992860522128081
110:  . (464727/465020) 0.9993699195733516
120:  . (464768/465020) 0.9994580878241796
130:  . (464808/465020) 0.9995441056298654
140:  . (464799/465020) 0.9995247516235861
150:  . (464769/465020) 0.9994602382693217
160:  . (464809/465020) 0.9995462560750076
170:  . (464815/465020) 0.9995591587458604
180:  . (464825/465020) 0.9995806631972818
190:  . (464786/465020) 0.9994967958367382
200:  . (464795/465020) 0.9995161498430175
210:  . (464863/465020) 0.9996623801126834
220:  . (464853/465020) 0.9996408756612619
230:  . (464848/465020) 0.9996301234355511
Stopping: change in training set accuracy less than 1.0E-5
Stats: (463695/465020) 0.9971506601866587
...done.
Expanding POS Dictionary ...
... finished expanding POS Dictionary. [151ms]
Indexing events using cutoff of 0

	Computing event counts...  done. 466075 events
	Indexing...  done.
Collecting events... Done indexing.
Incorporating indexed data for training...  
done.
	Number of Event Tokens: 466075
	    Number of Outcomes: 316
	  Number of Predicates: 568705
Computing model parameters...
Performing 500 iterations.
  1:  . (437439/466075) 0.9385592447567451
  2:  . (453053/466075) 0.9720602907257415
  3:  . (456902/466075) 0.980318618248136
  4:  . (459106/466075) 0.9850474709006061
  5:  . (460346/466075) 0.9877079869119777
  6:  . (461389/466075) 0.9899458241699297
  7:  . (461953/466075) 0.9911559298396181
  8:  . (462546/466075) 0.9924282572547337
  9:  . (462769/466075) 0.9929067210212948
 10:  . (463231/466075) 0.9938979777932736
 20:  . (464742/466075) 0.9971399452877756
 30:  . (465241/466075) 0.9982105884246097
 40:  . (465403/466075) 0.9985581719680309
 50:  . (465497/466075) 0.9987598562463122
 60:  . (465653/466075) 0.9990945663251622
 70:  . (465674/466075) 0.9991396234511613
 80:  . (465755/466075) 0.9993134152228719
 90:  . (465771/466075) 0.9993477444617282
100:  . (465786/466075) 0.9993799281231561
110:  . (465788/466075) 0.9993842192780132
120:  . (465833/466075) 0.9994807702622969
130:  . (465825/466075) 0.9994636056428686
140:  . (465790/466075) 0.9993885104328702
150:  . (465824/466075) 0.9994614600654401
Stopping: change in training set accuracy less than 1.0E-5
Stats: (463861/466075) 0.9952496915732446
...done.
Expanding POS Dictionary ...
... finished expanding POS Dictionary. [147ms]
Indexing events using cutoff of 0

	Computing event counts...  done. 464937 events
	Indexing...  done.
Collecting events... Done indexing.
Incorporating indexed data for training...  
done.
	Number of Event Tokens: 464937
	    Number of Outcomes: 316
	  Number of Predicates: 566979
Computing model parameters...
Performing 500 iterations.
  1:  . (436404/464937) 0.9386303950857858
  2:  . (451670/464937) 0.9714649511654267
  3:  . (455833/464937) 0.9804188524466756
  4:  . (457790/464937) 0.984628024872187
  5:  . (459038/464937) 0.9873122595104283
  6:  . (460084/464937) 0.989562026683185
  7:  . (460746/464937) 0.9909858755057137
  8:  . (461305/464937) 0.9921881889374259
  9:  . (461621/464937) 0.9928678509131345
 10:  . (462069/464937) 0.9938314223217339
 20:  . (463509/464937) 0.9969286161350893
 30:  . (464022/464937) 0.9980319914310971
 40:  . (464293/464937) 0.9986148661001383
 50:  . (464395/464937) 0.9988342506619177
 60:  . (464492/464937) 0.9990428810785117
 70:  . (464539/464937) 0.9991439700432532
 80:  . (464596/464937) 0.9992665672983652
 90:  . (464619/464937) 0.9993160363662174
100:  . (464625/464937) 0.9993289413404397
110:  . (464691/464937) 0.9994708960568851
120:  . (464660/464937) 0.9994042203567365
130:  . (464661/464937) 0.9994063711857736
140:  . (464724/464937) 0.9995418734151078
150:  . (464737/464937) 0.9995698341925895
160:  . (464761/464937) 0.9996214540894788
170:  . (464756/464937) 0.9996106999442935
180:  . (464763/464937) 0.9996257557475529
190:  . (464744/464937) 0.9995848899958489
200:  . (464739/464937) 0.9995741358506637
210:  . (464765/464937) 0.999630057405627
220:  . (464756/464937) 0.9996106999442935
230:  . (464756/464937) 0.9996106999442935
240:  . (464773/464937) 0.9996472640379234
Stopping: change in training set accuracy less than 1.0E-5
Stats: (464290/464937) 0.9986084136130271
...done.
0.9752655163214728
