Expanding POS Dictionary ...
... finished expanding POS Dictionary. [2370ms]
Indexing events using cutoff of 0

	Computing event counts...  done. 1636854 events
	Indexing...  done.
Collecting events... Done indexing.
Incorporating indexed data for training...  
done.
	Number of Event Tokens: 1636854
	    Number of Outcomes: 191
	  Number of Predicates: 809966
Computing model parameters...
Performing 700 iterations.
  1:  . (1575354/1636854) 0.9624279257649124
  2:  . (1607746/1636854) 0.9822171067181312
  3:  . (1616477/1636854) 0.987551119403441
  4:  . (1620654/1636854) 0.9901029658112452
  5:  . (1623339/1636854) 0.9917433075888259
  6:  . (1625446/1636854) 0.9930305329614003
  7:  . (1626755/1636854) 0.9938302377609732
  8:  . (1627700/1636854) 0.9944075647553172
  9:  . (1628562/1636854) 0.9949341847226448
 10:  . (1629683/1636854) 0.9956190350513852
 20:  . (1633096/1636854) 0.9977041324394235
 30:  . (1633800/1636854) 0.9981342257770088
 40:  . (1634660/1636854) 0.9986596238882637
 50:  . (1635129/1636854) 0.9989461491373085
 60:  . (1635479/1636854) 0.9991599739500285
 70:  . (1635646/1636854) 0.9992619989320978
 80:  . (1635784/1636854) 0.9993463070011132
 90:  . (1635611/1636854) 0.9992406164508257
100:  . (1635621/1636854) 0.9992467257311892
110:  . (1635959/1636854) 0.9994532194074731
Stopping: change in training set accuracy less than 1.0E-5
Stats: (1634242/1636854) 0.9984042559690723
...done.
Expanding POS Dictionary ...
... finished expanding POS Dictionary. [2050ms]
Indexing events using cutoff of 0

	Computing event counts...  done. 1640237 events
	Indexing...  done.
Collecting events... Done indexing.
Incorporating indexed data for training...  
done.
	Number of Event Tokens: 1640237
	    Number of Outcomes: 191
	  Number of Predicates: 812152
Computing model parameters...
Performing 700 iterations.
  1:  . (1578626/1640237) 0.9624377452770545
  2:  . (1611402/1640237) 0.9824202234189328
  3:  . (1619463/1640237) 0.9873347571113199
  4:  . (1623868/1640237) 0.9900203446209298
  5:  . (1626683/1640237) 0.9917365600215091
  6:  . (1628783/1640237) 0.9930168628070212
  7:  . (1630483/1640237) 0.9940532983952929
  8:  . (1631041/1640237) 0.9943934931354432
  9:  . (1632616/1640237) 0.9953537202245774
 10:  . (1633112/1640237) 0.9956561155491555
 20:  . (1636320/1640237) 0.9976119304710234
 30:  . (1637604/1640237) 0.9983947441741651
 40:  . (1638433/1640237) 0.9989001589404458
 50:  . (1638385/1640237) 0.9988708948767769
 60:  . (1638870/1640237) 0.9991665838534309
 70:  . (1638988/1640237) 0.9992385246766169
 80:  . (1638847/1640237) 0.9991525614895896
 90:  . (1639235/1640237) 0.9993891126709128
100:  . (1639334/1640237) 0.9994494698022298
110:  . (1639264/1640237) 0.9994067930427127
120:  . (1639197/1640237) 0.9993659452871749
130:  . (1639382/1640237) 0.9994787338658987
140:  . (1639299/1640237) 0.9994281314224712
150:  . (1639438/1640237) 0.9995128752735123
Stopping: change in training set accuracy less than 1.0E-5
Stats: (1638268/1640237) 0.9987995637215842
...done.
Expanding POS Dictionary ...
... finished expanding POS Dictionary. [895ms]
Indexing events using cutoff of 0

	Computing event counts...  done. 1636192 events
	Indexing...  done.
Collecting events... Done indexing.
Incorporating indexed data for training...  
done.
	Number of Event Tokens: 1636192
	    Number of Outcomes: 190
	  Number of Predicates: 809337
Computing model parameters...
Performing 700 iterations.
  1:  . (1574616/1636192) 0.9623662748626078
  2:  . (1607139/1636192) 0.9822435264321058
  3:  . (1615859/1636192) 0.9875729743208621
  4:  . (1619819/1636192) 0.9899932281786
  5:  . (1622582/1636192) 0.9916819053020672
  6:  . (1624369/1636192) 0.9927740754141323
  7:  . (1626135/1636192) 0.9938534108466488
  8:  . (1627327/1636192) 0.9945819317048366
  9:  . (1628136/1636192) 0.9950763724550664
 10:  . (1628879/1636192) 0.9955304756410006
 20:  . (1632324/1636192) 0.9976359742621893
 30:  . (1633780/1636192) 0.9985258453775596
 40:  . (1634334/1636192) 0.9988644364475563
 50:  . (1634797/1636192) 0.9991474105728423
 60:  . (1634963/1636192) 0.999248865658798
 70:  . (1634777/1636192) 0.9991351870685103
 80:  . (1634999/1636192) 0.9992708679665956
 90:  . (1635149/1636192) 0.9993625442490857
100:  . (1635087/1636192) 0.9993246513856564
110:  . (1635191/1636192) 0.9993882136081829
120:  . (1635292/1636192) 0.9994499423050596
130:  . (1635363/1636192) 0.9994933357454382
140:  . (1635385/1636192) 0.9995067816002035
150:  . (1635330/1636192) 0.9994731669632904
Stopping: change in training set accuracy less than 1.0E-5
Stats: (1635083/1636192) 0.9993222066847901
...done.
Expanding POS Dictionary ...
... finished expanding POS Dictionary. [887ms]
Indexing events using cutoff of 0

	Computing event counts...  done. 1637300 events
	Indexing...  done.
Collecting events... Done indexing.
Incorporating indexed data for training...  
done.
	Number of Event Tokens: 1637300
	    Number of Outcomes: 190
	  Number of Predicates: 810349
Computing model parameters...
Performing 700 iterations.
  1:  . (1575773/1637300) 0.9624216698222684
  2:  . (1608417/1637300) 0.9823593721370549
  3:  . (1616534/1637300) 0.987316924204483
  4:  . (1620996/1637300) 0.990042142551762
  5:  . (1623927/1637300) 0.9918322848592195
  6:  . (1625748/1637300) 0.9929444817687656
  7:  . (1627269/1637300) 0.9938734501923899
  8:  . (1628622/1637300) 0.9946998106638979
  9:  . (1629545/1637300) 0.9952635436389178
 10:  . (1630244/1637300) 0.9956904660111159
 20:  . (1633788/1637300) 0.9978550051914737
 30:  . (1634716/1637300) 0.9984217919745924
 40:  . (1635202/1637300) 0.9987186221217859
 50:  . (1635541/1637300) 0.9989256703108776
 60:  . (1635981/1637300) 0.9991944054235632
 70:  . (1635896/1637300) 0.9991424906858853
 80:  . (1636153/1637300) 0.9992994564221584
 90:  . (1636224/1637300) 0.99934282049716
Stopping: change in training set accuracy less than 1.0E-5
Stats: (1634462/1637300) 0.9982666585231784
...done.
Expanding POS Dictionary ...
... finished expanding POS Dictionary. [1006ms]
Indexing events using cutoff of 0

	Computing event counts...  done. 1639694 events
	Indexing...  done.
Collecting events... Done indexing.
Incorporating indexed data for training...  
done.
	Number of Event Tokens: 1639694
	    Number of Outcomes: 191
	  Number of Predicates: 810563
Computing model parameters...
Performing 700 iterations.
  1:  . (1578206/1639694) 0.9625003201816924
  2:  . (1610696/1639694) 0.9823149929194106
  3:  . (1619101/1639694) 0.9874409493478661
  4:  . (1623318/1639694) 0.9900127706755041
  5:  . (1625984/1639694) 0.9916386838031974
  6:  . (1628427/1639694) 0.993128595945341
  7:  . (1629710/1639694) 0.9939110590146698
  8:  . (1631162/1639694) 0.9947965900954691
  9:  . (1631515/1639694) 0.9950118741667653
 10:  . (1632453/1639694) 0.9955839321239207
 20:  . (1635723/1639694) 0.99757820666539
 30:  . (1637009/1639694) 0.9983624993443899
 40:  . (1637628/1639694) 0.9987400088065213
 50:  . (1638192/1639694) 0.9990839754246829
 60:  . (1638336/1639694) 0.9991717966888944
 70:  . (1638258/1639694) 0.9991242268374465
 80:  . (1638648/1639694) 0.999362076094686
 90:  . (1638696/1639694) 0.9993913498494231
100:  . (1638805/1639694) 0.9994578256674721
110:  . (1638607/1639694) 0.9993370714291813
120:  . (1638828/1639694) 0.9994718526749503
130:  . (1638946/1639694) 0.9995438173220125
140:  . (1638950/1639694) 0.9995462568015739
150:  . (1638919/1639694) 0.9995273508349729
160:  . (1638886/1639694) 0.999507225128591
170:  . (1638784/1639694) 0.9994450183997746
180:  . (1638949/1639694) 0.9995456469316836
190:  . (1638977/1639694) 0.9995627232886136
200:  . (1639022/1639694) 0.9995901674336797
Stopping: change in training set accuracy less than 1.0E-5
Stats: (1637175/1639694) 0.9984637377461892
...done.
Expanding POS Dictionary ...
... finished expanding POS Dictionary. [914ms]
Indexing events using cutoff of 0

	Computing event counts...  done. 1638853 events
	Indexing...  done.
Collecting events... Done indexing.
Incorporating indexed data for training...  
done.
	Number of Event Tokens: 1638853
	    Number of Outcomes: 190
	  Number of Predicates: 810401
Computing model parameters...
Performing 700 iterations.
  1:  . (1577341/1638853) 0.9624664323157721
  2:  . (1609761/1638853) 0.9822485604261029
  3:  . (1618307/1638853) 0.9874631830920773
  4:  . (1622817/1638853) 0.9902151077613428
  5:  . (1625378/1638853) 0.9917777860491453
  6:  . (1627237/1638853) 0.9929121159737939
  7:  . (1628898/1638853) 0.9939256296934502
  8:  . (1629980/1638853) 0.9945858475409326
  9:  . (1630925/1638853) 0.9951624703374861
 10:  . (1631789/1638853) 0.9956896683229063
 20:  . (1635184/1638853) 0.9977612391105243
 30:  . (1636154/1638853) 0.9983531164784151
 40:  . (1636890/1638853) 0.9988022110585879
 50:  . (1637175/1638853) 0.9989761131718342
 60:  . (1637382/1638853) 0.9991024210225078
 70:  . (1637714/1638853) 0.9993050017298684
 80:  . (1637416/1638853) 0.9991231672395267
 90:  . (1637764/1638853) 0.9993355108725431
100:  . (1637863/1638853) 0.9993959189750392
110:  . (1637920/1638853) 0.9994306993976885
120:  . (1638011/1638853) 0.9994862260373566
Stopping: change in training set accuracy less than 1.0E-5
Stats: (1637336/1638853) 0.999074352611247
...done.
Expanding POS Dictionary ...
... finished expanding POS Dictionary. [941ms]
Indexing events using cutoff of 0

	Computing event counts...  done. 1635933 events
	Indexing...  done.
Collecting events... Done indexing.
Incorporating indexed data for training...  
done.
	Number of Event Tokens: 1635933
	    Number of Outcomes: 192
	  Number of Predicates: 810276
Computing model parameters...
Performing 700 iterations.
  1:  . (1574368/1635933) 0.9623670407039897
  2:  . (1606852/1635933) 0.9822235996217449
  3:  . (1615201/1635933) 0.9873271093620583
  4:  . (1619521/1635933) 0.989967804304944
  5:  . (1622862/1635933) 0.9920100639818379
  6:  . (1624363/1635933) 0.9929275832200952
  7:  . (1626048/1635933) 0.9939575765022162
  8:  . (1627408/1635933) 0.9947889063916432
  9:  . (1627455/1635933) 0.9948176361745866
 10:  . (1628655/1635933) 0.9955511625476104
 20:  . (1631993/1635933) 0.9975915884085718
 30:  . (1633412/1635933) 0.9984589833446724
 40:  . (1634179/1635933) 0.9989278289514302
 50:  . (1634197/1635933) 0.9989388318470255
 60:  . (1634608/1635933) 0.9991900646297862
 70:  . (1634767/1635933) 0.9992872568742118
 80:  . (1634604/1635933) 0.9991876195418761
 90:  . (1634889/1635933) 0.9993618320554692
100:  . (1634884/1635933) 0.9993587756955816
110:  . (1634792/1635933) 0.9993025386736498
120:  . (1635080/1635933) 0.9994785850031755
Stopping: change in training set accuracy less than 1.0E-5
Stats: (1634681/1635933) 0.9992346874841451
...done.
Expanding POS Dictionary ...
... finished expanding POS Dictionary. [912ms]
Indexing events using cutoff of 0

	Computing event counts...  done. 1636970 events
	Indexing...  done.
Collecting events... Done indexing.
Incorporating indexed data for training...  
done.
	Number of Event Tokens: 1636970
	    Number of Outcomes: 190
	  Number of Predicates: 810370
Computing model parameters...
Performing 700 iterations.
  1:  . (1575499/1636970) 0.9624483038785072
  2:  . (1608050/1636970) 0.982333213192667
  3:  . (1616330/1636970) 0.9873913388760942
  4:  . (1621092/1636970) 0.9903003720288093
  5:  . (1623334/1636970) 0.9916699756256987
  6:  . (1625214/1636970) 0.9928184389451242
  7:  . (1626728/1636970) 0.9937433184481084
  8:  . (1627873/1636970) 0.9944427814804181
  9:  . (1629225/1636970) 0.9952686976548135
 10:  . (1630058/1636970) 0.995777564646878
 20:  . (1633098/1636970) 0.9976346542697789
 30:  . (1634236/1636970) 0.998329841108878
 40:  . (1634985/1636970) 0.9987873937824151
 50:  . (1634990/1636970) 0.9987904482061369
 60:  . (1635729/1636970) 0.9992418920322302
 70:  . (1635862/1636970) 0.9993231397032322
 80:  . (1635890/1636970) 0.9993402444760747
 90:  . (1635919/1636970) 0.9993579601336616
100:  . (1636060/1636970) 0.9994440948826185
Stopping: change in training set accuracy less than 1.0E-5
Stats: (1633554/1636970) 0.9979132177132141
...done.
Expanding POS Dictionary ...
... finished expanding POS Dictionary. [1022ms]
Indexing events using cutoff of 0

	Computing event counts...  done. 1635136 events
	Indexing...  done.
Collecting events... Done indexing.
Incorporating indexed data for training...  
done.
	Number of Event Tokens: 1635136
	    Number of Outcomes: 191
	  Number of Predicates: 810359
Computing model parameters...
Performing 700 iterations.
  1:  . (1573501/1635136) 0.9623058877059768
  2:  . (1606054/1635136) 0.9822143234568868
  3:  . (1614753/1635136) 0.9875343702297545
  4:  . (1618853/1635136) 0.990041806920036
  5:  . (1621767/1635136) 0.9918239216799092
  6:  . (1623454/1635136) 0.9928556401424713
  7:  . (1625224/1635136) 0.9939381189087636
  8:  . (1626411/1635136) 0.9946640524090963
  9:  . (1626878/1635136) 0.9949496555638185
 10:  . (1627784/1635136) 0.9955037379153783
 20:  . (1631408/1635136) 0.9977200673216173
 30:  . (1632761/1635136) 0.9985475214294102
 40:  . (1633080/1635136) 0.9987426122353126
 50:  . (1633599/1635136) 0.9990600170261067
 60:  . (1633456/1635136) 0.998972562526909
 70:  . (1633602/1635136) 0.99906185173588
 80:  . (1634038/1635136) 0.9993284962229442
 90:  . (1634027/1635136) 0.9993217689537751
100:  . (1634001/1635136) 0.9993058681357392
110:  . (1634198/1635136) 0.9994263474108576
120:  . (1634211/1635136) 0.9994342978198756
130:  . (1634353/1635136) 0.9995211407491487
140:  . (1633950/1635136) 0.9992746780695918
150:  . (1634320/1635136) 0.9995009589416416
160:  . (1634339/1635136) 0.9995125787702063
170:  . (1634379/1635136) 0.9995370415671846
180:  . (1634404/1635136) 0.9995523308152962
Stopping: change in training set accuracy less than 1.0E-5
Stats: (1631080/1635136) 0.9975194723863948
...done.
Expanding POS Dictionary ...
... finished expanding POS Dictionary. [900ms]
Indexing events using cutoff of 0

	Computing event counts...  done. 1638583 events
	Indexing...  done.
Collecting events... Done indexing.
Incorporating indexed data for training...  
done.
	Number of Event Tokens: 1638583
	    Number of Outcomes: 190
	  Number of Predicates: 810230
Computing model parameters...
Performing 700 iterations.
  1:  . (1576890/1638583) 0.9623497863702968
  2:  . (1609662/1638583) 0.9823499938666519
  3:  . (1618131/1638583) 0.9875184839583958
  4:  . (1622466/1638583) 0.9901640624856964
  5:  . (1624996/1638583) 0.9917080794808685
  6:  . (1627190/1638583) 0.9930470412545473
  7:  . (1628321/1638583) 0.9937372717768951
  8:  . (1629546/1638583) 0.994484868938589
  9:  . (1630227/1638583) 0.9949004719321511
 10:  . (1631318/1638583) 0.9955662911186067
 20:  . (1635183/1638583) 0.9979250364491759
 30:  . (1636192/1638583) 0.9985408123970528
 40:  . (1636627/1638583) 0.9988062856748788
 50:  . (1637059/1638583) 0.9990699281025129
 60:  . (1636935/1638583) 0.9989942529612477
 70:  . (1637311/1638583) 0.9992237195186329
 80:  . (1637338/1638583) 0.99924019717036
 90:  . (1637473/1638583) 0.9993225854289957
Stopping: change in training set accuracy less than 1.0E-5
Stats: (1635232/1638583) 0.9979549403356437
...done.
0.9836380643771352
